<?xml version="1.0" encoding="UTF-8"?>
<testsuites name="short link tests" time="60.49" tests="3" failures="0" errors="0">
   <testsuite name="short link tests" tests="3" failures="0" errors="0" time="60.49" timestamp="2020-09-17 12:27:37" hostname="x - DESKTOP-S0L1J4E" id="Test Suites/short link tests">
      <properties>
         <property name="deviceName" value=""/>
         <property name="devicePlatform" value=""/>
         <property name="logFolder" value="C:\\Users\\x\\git\\Jira_Glass_1.4_Version_Testing\\Reports\\20200917_122730\\short link tests\\20200917_122730"/>
         <property name="logFiles" value="C:\\Users\\x\\git\\Jira_Glass_1.4_Version_Testing\\Reports\\20200917_122730\\short link tests\\20200917_122730\\execution0.log"/>
         <property name="attachments" value=""/>
         <property name="hostName" value="x - DESKTOP-S0L1J4E"/>
         <property name="os" value="Windows 10 64bit"/>
         <property name="katalonVersion" value="7.6.6.205"/>
         <property name="browser" value="Chrome 85.0.4183.102"/>
         <property name="hostAddress" value="192.168.56.1"/>
         <property name="sessionId" value="d7e2580bac2509f04e2542403271542f"/>
         <property name="seleniumVersion" value="3.141.59"/>
         <property name="proxyInformation" value="ProxyInformation { proxyOption=NO_PROXY, proxyServerType=HTTP, username=, password=********, proxyServerAddress=, proxyServerPort=0, executionList=&quot;&quot;, isApplyToDesiredCapabilities=true }"/>
         <property name="platform" value="Windows 10"/>
      </properties>
      <testcase name="Test Cases/InProgress/WorkflowAnalysisPostFunctionsText" time="19.847" classname="Test Cases/InProgress/WorkflowAnalysisPostFunctionsText" status="PASSED">
         <system-out><![CDATA[2020-09-17 12:27:37 - [TEST_CASE][PASSED] - Test Cases/InProgress/WorkflowAnalysisPostFunctionsText: Test Cases/InProgress/WorkflowAnalysisPostFunctionsText

2020-09-17 12:27:38 - [TEST_STEP][PASSED] - postFunctionText = new com.kms.katalon.core.testobject.TestObject(postFunctionText): null

2020-09-17 12:27:38 - [TEST_STEP][PASSED] - postFunctionText.addProperty("xpath", EQUALS, rowXpath): null

2020-09-17 12:27:38 - [TEST_STEP][PASSED] - topTestKeywords.Login.openBrowser(): topTestKeywords.Login.openBrowser is PASSED

2020-09-17 12:27:38 - [MESSAGE][INFO] - Starting 'Chrome' driver

2020-09-17 12:27:39 - [MESSAGE][INFO] - Action delay is set to 0 milliseconds

2020-09-17 12:27:43 - [MESSAGE][PASSED] - Browser is opened with url: ''

2020-09-17 12:27:45 - [MESSAGE][PASSED] - Current window maximized

2020-09-17 12:27:47 - [MESSAGE][PASSED] - Navigate to 'https://jira2.codecool.codecanvas.hu' successfully

2020-09-17 12:27:47 - [MESSAGE][PASSED] - topTestKeywords.Login.openBrowser is PASSED

2020-09-17 12:27:47 - [TEST_STEP][PASSED] - topTestKeywords.Login.loginAsUser(SystemAdminUsername, SystemAdminPassword): topTestKeywords.Login.loginAsUser is PASSED

2020-09-17 12:27:48 - [MESSAGE][PASSED] - Text 'codecooladmin' is set on object 'Object Repository/Page_System Dashboard - Jira/Username Field'

2020-09-17 12:27:48 - [MESSAGE][PASSED] - Text '2019Aprilis1' is set on object 'Object Repository/Page_System Dashboard - Jira/Password Field'

2020-09-17 12:27:49 - [MESSAGE][PASSED] - Object: 'Object Repository/Page_System Dashboard - Jira/Login Button' is clicked on

2020-09-17 12:27:51 - [MESSAGE][PASSED] - Object 'Object Repository/Page_System Dashboard - Jira/User Avatar' is visible

2020-09-17 12:27:51 - [MESSAGE][PASSED] - topTestKeywords.Login.loginAsUser is PASSED

2020-09-17 12:27:51 - [TEST_STEP][PASSED] - topTestKeywords.Login.goToTheWorkflow(timeout): topTestKeywords.Login.goToTheWorkflow is PASSED

2020-09-17 12:27:53 - [MESSAGE][PASSED] - Navigate to 'https://jira2.codecool.codecanvas.hu/projects/TWT?selectedItem=com.codecanvas.glass:glass' successfully

2020-09-17 12:27:54 - [MESSAGE][PASSED] - Object 'Object Repository/Page_ToP Week6 Test - Jira/Issue Dropdown' is visible

2020-09-17 12:27:55 - [MESSAGE][PASSED] - Object: 'Object Repository/Page_ToP Week6 Test - Jira/Issue Dropdown' is clicked on

2020-09-17 12:27:55 - [MESSAGE][PASSED] - Object 'Object Repository/Page_ToP Week6 Test - Jira/Issue Type' is visible

2020-09-17 12:27:55 - [MESSAGE][PASSED] - Object: 'Object Repository/Page_ToP Week6 Test - Jira/Issue Type' is clicked on

2020-09-17 12:27:57 - [MESSAGE][PASSED] - Object 'Object Repository/Project Workflow/WorkflowTransitionsTitle' is visible

2020-09-17 12:27:57 - [MESSAGE][PASSED] - topTestKeywords.Login.goToTheWorkflow is PASSED

2020-09-17 12:27:57 - [TEST_STEP][PASSED] - click(postFunctionText): Object: 'postFunctionText' is clicked on

2020-09-17 12:27:57 - [MESSAGE][PASSED] - Object: 'postFunctionText' is clicked on

2020-09-17 12:27:57 - [TEST_STEP][PASSED] - kms.turing.katalon.plugins.assertj.NumberAssert.equals(topTestKeywords.Login.getWebElementsAsListSize(xpath), expectedNumber, ""): The two values are equal

2020-09-17 12:27:57 - [MESSAGE][PASSED] - topTestKeywords.Login.getWebElementsAsListSize is PASSED

2020-09-17 12:27:57 - [MESSAGE][INFO] - 

2020-09-17 12:27:57 - [MESSAGE][PASSED] - The two values are equal]]></system-out>
         <system-err><![CDATA[]]></system-err>
      </testcase>
      <testcase name="Test Cases/InProgress/WorkflowAnalysisPostFunctionsText" time="21.058" classname="Test Cases/InProgress/WorkflowAnalysisPostFunctionsText" status="PASSED">
         <system-out><![CDATA[2020-09-17 12:27:57 - [TEST_CASE][PASSED] - Test Cases/InProgress/WorkflowAnalysisPostFunctionsText: Test Cases/InProgress/WorkflowAnalysisPostFunctionsText

2020-09-17 12:27:57 - [TEST_STEP][PASSED] - postFunctionText = new com.kms.katalon.core.testobject.TestObject(postFunctionText): null

2020-09-17 12:27:57 - [TEST_STEP][PASSED] - postFunctionText.addProperty("xpath", EQUALS, rowXpath): null

2020-09-17 12:27:57 - [TEST_STEP][PASSED] - topTestKeywords.Login.openBrowser(): topTestKeywords.Login.openBrowser is PASSED

2020-09-17 12:27:57 - [MESSAGE][WARNING] - A browser is already opened. Closing browser and opening a new one

2020-09-17 12:27:58 - [MESSAGE][INFO] - Starting 'Chrome' driver

2020-09-17 12:27:58 - [MESSAGE][INFO] - Action delay is set to 0 milliseconds

2020-09-17 12:28:01 - [MESSAGE][PASSED] - Browser is opened with url: ''

2020-09-17 12:28:03 - [MESSAGE][PASSED] - Current window maximized

2020-09-17 12:28:05 - [MESSAGE][PASSED] - Navigate to 'https://jira2.codecool.codecanvas.hu' successfully

2020-09-17 12:28:05 - [MESSAGE][PASSED] - topTestKeywords.Login.openBrowser is PASSED

2020-09-17 12:28:05 - [TEST_STEP][PASSED] - topTestKeywords.Login.loginAsUser(SystemAdminUsername, SystemAdminPassword): topTestKeywords.Login.loginAsUser is PASSED

2020-09-17 12:28:06 - [MESSAGE][PASSED] - Text 'codecooladmin' is set on object 'Object Repository/Page_System Dashboard - Jira/Username Field'

2020-09-17 12:28:07 - [MESSAGE][PASSED] - Text '2019Aprilis1' is set on object 'Object Repository/Page_System Dashboard - Jira/Password Field'

2020-09-17 12:28:07 - [MESSAGE][PASSED] - Object: 'Object Repository/Page_System Dashboard - Jira/Login Button' is clicked on

2020-09-17 12:28:09 - [MESSAGE][PASSED] - Object 'Object Repository/Page_System Dashboard - Jira/User Avatar' is visible

2020-09-17 12:28:09 - [MESSAGE][PASSED] - topTestKeywords.Login.loginAsUser is PASSED

2020-09-17 12:28:09 - [TEST_STEP][PASSED] - topTestKeywords.Login.goToTheWorkflow(timeout): topTestKeywords.Login.goToTheWorkflow is PASSED

2020-09-17 12:28:14 - [MESSAGE][PASSED] - Navigate to 'https://jira2.codecool.codecanvas.hu/projects/TWT?selectedItem=com.codecanvas.glass:glass' successfully

2020-09-17 12:28:15 - [MESSAGE][PASSED] - Object 'Object Repository/Page_ToP Week6 Test - Jira/Issue Dropdown' is visible

2020-09-17 12:28:16 - [MESSAGE][PASSED] - Object: 'Object Repository/Page_ToP Week6 Test - Jira/Issue Dropdown' is clicked on

2020-09-17 12:28:16 - [MESSAGE][PASSED] - Object 'Object Repository/Page_ToP Week6 Test - Jira/Issue Type' is visible

2020-09-17 12:28:17 - [MESSAGE][PASSED] - Object: 'Object Repository/Page_ToP Week6 Test - Jira/Issue Type' is clicked on

2020-09-17 12:28:18 - [MESSAGE][PASSED] - Object 'Object Repository/Project Workflow/WorkflowTransitionsTitle' is visible

2020-09-17 12:28:18 - [MESSAGE][PASSED] - topTestKeywords.Login.goToTheWorkflow is PASSED

2020-09-17 12:28:18 - [TEST_STEP][PASSED] - click(postFunctionText): Object: 'postFunctionText' is clicked on

2020-09-17 12:28:18 - [MESSAGE][PASSED] - Object: 'postFunctionText' is clicked on

2020-09-17 12:28:18 - [TEST_STEP][PASSED] - kms.turing.katalon.plugins.assertj.NumberAssert.equals(topTestKeywords.Login.getWebElementsAsListSize(xpath), expectedNumber, ""): The two values are equal

2020-09-17 12:28:18 - [MESSAGE][PASSED] - topTestKeywords.Login.getWebElementsAsListSize is PASSED

2020-09-17 12:28:18 - [MESSAGE][INFO] - 

2020-09-17 12:28:18 - [MESSAGE][PASSED] - The two values are equal]]></system-out>
         <system-err><![CDATA[]]></system-err>
      </testcase>
      <testcase name="Test Cases/InProgress/WorkflowAnalysisPostFunctionsText" time="18.315" classname="Test Cases/InProgress/WorkflowAnalysisPostFunctionsText" status="PASSED">
         <system-out><![CDATA[2020-09-17 12:28:18 - [TEST_CASE][PASSED] - Test Cases/InProgress/WorkflowAnalysisPostFunctionsText: Test Cases/InProgress/WorkflowAnalysisPostFunctionsText

2020-09-17 12:28:18 - [TEST_STEP][PASSED] - postFunctionText = new com.kms.katalon.core.testobject.TestObject(postFunctionText): null

2020-09-17 12:28:18 - [TEST_STEP][PASSED] - postFunctionText.addProperty("xpath", EQUALS, rowXpath): null

2020-09-17 12:28:18 - [TEST_STEP][PASSED] - topTestKeywords.Login.openBrowser(): topTestKeywords.Login.openBrowser is PASSED

2020-09-17 12:28:18 - [MESSAGE][WARNING] - A browser is already opened. Closing browser and opening a new one

2020-09-17 12:28:19 - [MESSAGE][INFO] - Starting 'Chrome' driver

2020-09-17 12:28:19 - [MESSAGE][INFO] - Action delay is set to 0 milliseconds

2020-09-17 12:28:22 - [MESSAGE][PASSED] - Browser is opened with url: ''

2020-09-17 12:28:25 - [MESSAGE][PASSED] - Current window maximized

2020-09-17 12:28:27 - [MESSAGE][PASSED] - Navigate to 'https://jira2.codecool.codecanvas.hu' successfully

2020-09-17 12:28:27 - [MESSAGE][PASSED] - topTestKeywords.Login.openBrowser is PASSED

2020-09-17 12:28:27 - [TEST_STEP][PASSED] - topTestKeywords.Login.loginAsUser(SystemAdminUsername, SystemAdminPassword): topTestKeywords.Login.loginAsUser is PASSED

2020-09-17 12:28:27 - [MESSAGE][PASSED] - Text 'codecooladmin' is set on object 'Object Repository/Page_System Dashboard - Jira/Username Field'

2020-09-17 12:28:28 - [MESSAGE][PASSED] - Text '2019Aprilis1' is set on object 'Object Repository/Page_System Dashboard - Jira/Password Field'

2020-09-17 12:28:28 - [MESSAGE][PASSED] - Object: 'Object Repository/Page_System Dashboard - Jira/Login Button' is clicked on

2020-09-17 12:28:30 - [MESSAGE][PASSED] - Object 'Object Repository/Page_System Dashboard - Jira/User Avatar' is visible

2020-09-17 12:28:30 - [MESSAGE][PASSED] - topTestKeywords.Login.loginAsUser is PASSED

2020-09-17 12:28:30 - [TEST_STEP][PASSED] - topTestKeywords.Login.goToTheWorkflow(timeout): topTestKeywords.Login.goToTheWorkflow is PASSED

2020-09-17 12:28:33 - [MESSAGE][PASSED] - Navigate to 'https://jira2.codecool.codecanvas.hu/projects/TWT?selectedItem=com.codecanvas.glass:glass' successfully

2020-09-17 12:28:34 - [MESSAGE][PASSED] - Object 'Object Repository/Page_ToP Week6 Test - Jira/Issue Dropdown' is visible

2020-09-17 12:28:34 - [MESSAGE][PASSED] - Object: 'Object Repository/Page_ToP Week6 Test - Jira/Issue Dropdown' is clicked on

2020-09-17 12:28:35 - [MESSAGE][PASSED] - Object 'Object Repository/Page_ToP Week6 Test - Jira/Issue Type' is visible

2020-09-17 12:28:35 - [MESSAGE][PASSED] - Object: 'Object Repository/Page_ToP Week6 Test - Jira/Issue Type' is clicked on

2020-09-17 12:28:36 - [MESSAGE][PASSED] - Object 'Object Repository/Project Workflow/WorkflowTransitionsTitle' is visible

2020-09-17 12:28:36 - [MESSAGE][PASSED] - topTestKeywords.Login.goToTheWorkflow is PASSED

2020-09-17 12:28:36 - [TEST_STEP][PASSED] - click(postFunctionText): Object: 'postFunctionText' is clicked on

2020-09-17 12:28:36 - [MESSAGE][PASSED] - Object: 'postFunctionText' is clicked on

2020-09-17 12:28:36 - [TEST_STEP][PASSED] - kms.turing.katalon.plugins.assertj.NumberAssert.equals(topTestKeywords.Login.getWebElementsAsListSize(xpath), expectedNumber, ""): The two values are equal

2020-09-17 12:28:37 - [MESSAGE][PASSED] - topTestKeywords.Login.getWebElementsAsListSize is PASSED

2020-09-17 12:28:37 - [MESSAGE][INFO] - 

2020-09-17 12:28:37 - [MESSAGE][PASSED] - The two values are equal]]></system-out>
         <system-err><![CDATA[]]></system-err>
      </testcase>
      <system-out><![CDATA[2020-09-17 12:27:37 - [TEST_SUITE][PASSED] - short link tests: Test Cases/InProgress/WorkflowAnalysisPostFunctionsText]]></system-out>
      <system-err><![CDATA[]]></system-err>
   </testsuite>
</testsuites>
