<?xml version="1.0" encoding="UTF-8"?>
<testsuites name="short link tests" time="40.866" tests="2" failures="0" errors="0">
   <testsuite name="short link tests" tests="2" failures="0" errors="0" time="40.866" timestamp="2020-09-16 11:01:47" hostname="ilove - DESKTOP-AIUFI3G" id="Test Suites/short link tests">
      <properties>
         <property name="deviceName" value=""/>
         <property name="devicePlatform" value=""/>
         <property name="logFolder" value="C:\\Users\\ilove\\git\\Jira_Glass_1.4_Version_Testing\\Reports\\20200916_110145\\short link tests\\20200916_110145"/>
         <property name="logFiles" value="C:\\Users\\ilove\\git\\Jira_Glass_1.4_Version_Testing\\Reports\\20200916_110145\\short link tests\\20200916_110145\\execution0.log"/>
         <property name="attachments" value=""/>
         <property name="hostName" value="ilove - DESKTOP-AIUFI3G"/>
         <property name="os" value="Windows 10 64bit"/>
         <property name="katalonVersion" value="7.6.6.205"/>
         <property name="browser" value="Chrome 85.0.4183.102"/>
         <property name="hostAddress" value="192.168.0.106"/>
         <property name="sessionId" value="1eca26c858d9fd30d97b01d7db6d4604"/>
         <property name="seleniumVersion" value="3.141.59"/>
         <property name="proxyInformation" value="ProxyInformation { proxyOption=NO_PROXY, proxyServerType=HTTP, username=, password=********, proxyServerAddress=, proxyServerPort=0, executionList=&quot;&quot;, isApplyToDesiredCapabilities=true }"/>
         <property name="platform" value="Windows 10"/>
      </properties>
      <testcase name="Test Cases/SystemAdminIssueWorkflowPermissions" time="19.845" classname="Test Cases/SystemAdminIssueWorkflowPermissions" status="PASSED">
         <system-out><![CDATA[2020-09-16 11:01:47 - [TEST_CASE][PASSED] - Test Cases/SystemAdminIssueWorkflowPermissions: Test Cases/SystemAdminIssueWorkflowPermissions

2020-09-16 11:01:47 - [TEST_STEP][PASSED] - xpath = "//span[@class='aui-icon aui-icon-small aui-iconfont-sidebar-link glass-middle-position']/ancestor::a[@href='" + root + "']": null

2020-09-16 11:01:47 - [TEST_STEP][PASSED] - tObject = new com.kms.katalon.core.testobject.TestObject(sortCut): null

2020-09-16 11:01:47 - [TEST_STEP][PASSED] - tObject.addProperty("xpath", EQUALS, xpath): null

2020-09-16 11:01:47 - [TEST_STEP][PASSED] - topTestKeywords.Login.openBrowser(): topTestKeywords.Login.openBrowser is PASSED

2020-09-16 11:01:48 - [MESSAGE][INFO] - Starting 'Chrome' driver

2020-09-16 11:01:48 - [MESSAGE][INFO] - Action delay is set to 0 milliseconds

2020-09-16 11:01:52 - [MESSAGE][PASSED] - Browser is opened with url: ''

2020-09-16 11:01:54 - [MESSAGE][PASSED] - Current window maximized

2020-09-16 11:01:55 - [MESSAGE][PASSED] - Navigate to 'https://jira2.codecool.codecanvas.hu' successfully

2020-09-16 11:01:55 - [MESSAGE][PASSED] - topTestKeywords.Login.openBrowser is PASSED

2020-09-16 11:01:55 - [TEST_STEP][PASSED] - topTestKeywords.Login.loginAsUser(SystemAdminUsername, SystemAdminPassword): topTestKeywords.Login.loginAsUser is PASSED

2020-09-16 11:01:56 - [MESSAGE][PASSED] - Text 'codecooladmin' is set on object 'Object Repository/Page_System Dashboard - Jira/Username Field'

2020-09-16 11:01:57 - [MESSAGE][PASSED] - Text '2019Aprilis1' is set on object 'Object Repository/Page_System Dashboard - Jira/Password Field'

2020-09-16 11:01:57 - [MESSAGE][PASSED] - Object: 'Object Repository/Page_System Dashboard - Jira/Login Button' is clicked on

2020-09-16 11:01:58 - [MESSAGE][PASSED] - Object 'Object Repository/Page_System Dashboard - Jira/User Avatar' is visible

2020-09-16 11:01:58 - [MESSAGE][PASSED] - topTestKeywords.Login.loginAsUser is PASSED

2020-09-16 11:01:58 - [TEST_STEP][PASSED] - navigateToUrl(BaseURL + "/projects/TWT?selectedItem=com.codecanvas.glass:glass"): Navigate to 'https://jira2.codecool.codecanvas.hu/projects/TWT?selectedItem=com.codecanvas.glass:glass' successfully

2020-09-16 11:02:01 - [MESSAGE][PASSED] - Navigate to 'https://jira2.codecool.codecanvas.hu/projects/TWT?selectedItem=com.codecanvas.glass:glass' successfully

2020-09-16 11:02:01 - [TEST_STEP][PASSED] - waitForElementVisible(findTestObject("Object Repository/Page_ToP Week6 Test - Jira/Issue Dropdown"), 10): Object 'Object Repository/Page_ToP Week6 Test - Jira/Issue Dropdown' is visible

2020-09-16 11:02:02 - [MESSAGE][PASSED] - Object 'Object Repository/Page_ToP Week6 Test - Jira/Issue Dropdown' is visible

2020-09-16 11:02:02 - [TEST_STEP][PASSED] - click(findTestObject("Object Repository/Page_ToP Week6 Test - Jira/Issue Dropdown")): Object: 'Object Repository/Page_ToP Week6 Test - Jira/Issue Dropdown' is clicked on

2020-09-16 11:02:02 - [MESSAGE][PASSED] - Object: 'Object Repository/Page_ToP Week6 Test - Jira/Issue Dropdown' is clicked on

2020-09-16 11:02:02 - [TEST_STEP][PASSED] - waitForElementVisible(findTestObject("Object Repository/Page_ToP Week6 Test - Jira/Issue Type"), 10): Object 'Object Repository/Page_ToP Week6 Test - Jira/Issue Type' is visible

2020-09-16 11:02:02 - [MESSAGE][PASSED] - Object 'Object Repository/Page_ToP Week6 Test - Jira/Issue Type' is visible

2020-09-16 11:02:02 - [TEST_STEP][PASSED] - click(findTestObject("Object Repository/Page_ToP Week6 Test - Jira/Issue Type")): Object: 'Object Repository/Page_ToP Week6 Test - Jira/Issue Type' is clicked on

2020-09-16 11:02:03 - [MESSAGE][PASSED] - Object: 'Object Repository/Page_ToP Week6 Test - Jira/Issue Type' is clicked on

2020-09-16 11:02:03 - [TEST_STEP][PASSED] - verifyElementPresent(tObject, 10): Object 'sortCut' is present

2020-09-16 11:02:04 - [MESSAGE][PASSED] - Object 'sortCut' is present

2020-09-16 11:02:04 - [TEST_STEP][PASSED] - click(tObject): Object: 'sortCut' is clicked on

2020-09-16 11:02:04 - [MESSAGE][PASSED] - Object: 'sortCut' is clicked on

2020-09-16 11:02:04 - [TEST_STEP][PASSED] - switchToWindowIndex(1): Switched to window with index: '1'

2020-09-16 11:02:04 - [MESSAGE][PASSED] - Switched to window with index: '1'

2020-09-16 11:02:04 - [TEST_STEP][PASSED] - waitForElementVisible(findTestObject("Object Repository/Project settings/Project Settings Title"), 10): Object 'Object Repository/Project settings/Project Settings Title' is visible

2020-09-16 11:02:07 - [MESSAGE][PASSED] - Object 'Object Repository/Project settings/Project Settings Title' is visible

2020-09-16 11:02:07 - [TEST_STEP][PASSED] - kms.turing.katalon.plugins.assertj.StringAssert.equals(getUrl(), expectedUrl, false, "", STOP_ON_FAILURE): The tested text 'https://jira2.codecool.codecanvas.hu/plugins/servlet/project-config/TWT/workflows' are equal to '{https://jira2.codecool.codecanvas.hu/plugins/servlet/project-config/TWT/workflows}'

2020-09-16 11:02:07 - [MESSAGE][PASSED] - Current window's url is: 'https://jira2.codecool.codecanvas.hu/plugins/servlet/project-config/TWT/workflows'

2020-09-16 11:02:07 - [MESSAGE][INFO] -  with case-sensitive: false

2020-09-16 11:02:07 - [MESSAGE][PASSED] - The tested text 'https://jira2.codecool.codecanvas.hu/plugins/servlet/project-config/TWT/workflows' are equal to '{https://jira2.codecool.codecanvas.hu/plugins/servlet/project-config/TWT/workflows}']]></system-out>
         <system-err><![CDATA[]]></system-err>
      </testcase>
      <testcase name="Test Cases/SystemAdminIssueWorkflowPermissions" time="19.75" classname="Test Cases/SystemAdminIssueWorkflowPermissions" status="PASSED">
         <system-out><![CDATA[2020-09-16 11:02:07 - [TEST_CASE][PASSED] - Test Cases/SystemAdminIssueWorkflowPermissions: Test Cases/SystemAdminIssueWorkflowPermissions

2020-09-16 11:02:07 - [TEST_STEP][PASSED] - xpath = "//span[@class='aui-icon aui-icon-small aui-iconfont-sidebar-link glass-middle-position']/ancestor::a[@href='" + root + "']": null

2020-09-16 11:02:07 - [TEST_STEP][PASSED] - tObject = new com.kms.katalon.core.testobject.TestObject(sortCut): null

2020-09-16 11:02:07 - [TEST_STEP][PASSED] - tObject.addProperty("xpath", EQUALS, xpath): null

2020-09-16 11:02:07 - [TEST_STEP][PASSED] - topTestKeywords.Login.openBrowser(): topTestKeywords.Login.openBrowser is PASSED

2020-09-16 11:02:07 - [MESSAGE][WARNING] - A browser is already opened. Closing browser and opening a new one

2020-09-16 11:02:08 - [MESSAGE][INFO] - Starting 'Chrome' driver

2020-09-16 11:02:08 - [MESSAGE][INFO] - Action delay is set to 0 milliseconds

2020-09-16 11:02:11 - [MESSAGE][PASSED] - Browser is opened with url: ''

2020-09-16 11:02:13 - [MESSAGE][PASSED] - Current window maximized

2020-09-16 11:02:14 - [MESSAGE][PASSED] - Navigate to 'https://jira2.codecool.codecanvas.hu' successfully

2020-09-16 11:02:14 - [MESSAGE][PASSED] - topTestKeywords.Login.openBrowser is PASSED

2020-09-16 11:02:14 - [TEST_STEP][PASSED] - topTestKeywords.Login.loginAsUser(SystemAdminUsername, SystemAdminPassword): topTestKeywords.Login.loginAsUser is PASSED

2020-09-16 11:02:15 - [MESSAGE][PASSED] - Text 'codecooladmin' is set on object 'Object Repository/Page_System Dashboard - Jira/Username Field'

2020-09-16 11:02:16 - [MESSAGE][PASSED] - Text '2019Aprilis1' is set on object 'Object Repository/Page_System Dashboard - Jira/Password Field'

2020-09-16 11:02:16 - [MESSAGE][PASSED] - Object: 'Object Repository/Page_System Dashboard - Jira/Login Button' is clicked on

2020-09-16 11:02:18 - [MESSAGE][PASSED] - Object 'Object Repository/Page_System Dashboard - Jira/User Avatar' is visible

2020-09-16 11:02:18 - [MESSAGE][PASSED] - topTestKeywords.Login.loginAsUser is PASSED

2020-09-16 11:02:18 - [TEST_STEP][PASSED] - navigateToUrl(BaseURL + "/projects/TWT?selectedItem=com.codecanvas.glass:glass"): Navigate to 'https://jira2.codecool.codecanvas.hu/projects/TWT?selectedItem=com.codecanvas.glass:glass' successfully

2020-09-16 11:02:21 - [MESSAGE][PASSED] - Navigate to 'https://jira2.codecool.codecanvas.hu/projects/TWT?selectedItem=com.codecanvas.glass:glass' successfully

2020-09-16 11:02:21 - [TEST_STEP][PASSED] - waitForElementVisible(findTestObject("Object Repository/Page_ToP Week6 Test - Jira/Issue Dropdown"), 10): Object 'Object Repository/Page_ToP Week6 Test - Jira/Issue Dropdown' is visible

2020-09-16 11:02:22 - [MESSAGE][PASSED] - Object 'Object Repository/Page_ToP Week6 Test - Jira/Issue Dropdown' is visible

2020-09-16 11:02:22 - [TEST_STEP][PASSED] - click(findTestObject("Object Repository/Page_ToP Week6 Test - Jira/Issue Dropdown")): Object: 'Object Repository/Page_ToP Week6 Test - Jira/Issue Dropdown' is clicked on

2020-09-16 11:02:22 - [MESSAGE][PASSED] - Object: 'Object Repository/Page_ToP Week6 Test - Jira/Issue Dropdown' is clicked on

2020-09-16 11:02:22 - [TEST_STEP][PASSED] - waitForElementVisible(findTestObject("Object Repository/Page_ToP Week6 Test - Jira/Issue Type"), 10): Object 'Object Repository/Page_ToP Week6 Test - Jira/Issue Type' is visible

2020-09-16 11:02:23 - [MESSAGE][PASSED] - Object 'Object Repository/Page_ToP Week6 Test - Jira/Issue Type' is visible

2020-09-16 11:02:23 - [TEST_STEP][PASSED] - click(findTestObject("Object Repository/Page_ToP Week6 Test - Jira/Issue Type")): Object: 'Object Repository/Page_ToP Week6 Test - Jira/Issue Type' is clicked on

2020-09-16 11:02:23 - [MESSAGE][PASSED] - Object: 'Object Repository/Page_ToP Week6 Test - Jira/Issue Type' is clicked on

2020-09-16 11:02:23 - [TEST_STEP][PASSED] - verifyElementPresent(tObject, 10): Object 'sortCut' is present

2020-09-16 11:02:24 - [MESSAGE][PASSED] - Object 'sortCut' is present

2020-09-16 11:02:24 - [TEST_STEP][PASSED] - click(tObject): Object: 'sortCut' is clicked on

2020-09-16 11:02:24 - [MESSAGE][PASSED] - Object: 'sortCut' is clicked on

2020-09-16 11:02:24 - [TEST_STEP][PASSED] - switchToWindowIndex(1): Switched to window with index: '1'

2020-09-16 11:02:24 - [MESSAGE][PASSED] - Switched to window with index: '1'

2020-09-16 11:02:24 - [TEST_STEP][PASSED] - waitForElementVisible(findTestObject("Object Repository/Project settings/Project Settings Title"), 10): Object 'Object Repository/Project settings/Project Settings Title' is visible

2020-09-16 11:02:26 - [MESSAGE][PASSED] - Object 'Object Repository/Project settings/Project Settings Title' is visible

2020-09-16 11:02:26 - [TEST_STEP][PASSED] - kms.turing.katalon.plugins.assertj.StringAssert.equals(getUrl(), expectedUrl, false, "", STOP_ON_FAILURE): The tested text 'https://jira2.codecool.codecanvas.hu/plugins/servlet/project-config/TWT/screens' are equal to '{https://jira2.codecool.codecanvas.hu/plugins/servlet/project-config/TWT/screens}'

2020-09-16 11:02:27 - [MESSAGE][PASSED] - Current window's url is: 'https://jira2.codecool.codecanvas.hu/plugins/servlet/project-config/TWT/screens'

2020-09-16 11:02:27 - [MESSAGE][INFO] -  with case-sensitive: false

2020-09-16 11:02:27 - [MESSAGE][PASSED] - The tested text 'https://jira2.codecool.codecanvas.hu/plugins/servlet/project-config/TWT/screens' are equal to '{https://jira2.codecool.codecanvas.hu/plugins/servlet/project-config/TWT/screens}']]></system-out>
         <system-err><![CDATA[]]></system-err>
      </testcase>
      <system-out><![CDATA[2020-09-16 11:01:47 - [TEST_SUITE][PASSED] - short link tests: Test Cases/SystemAdminIssueWorkflowPermissions]]></system-out>
      <system-err><![CDATA[]]></system-err>
   </testsuite>
</testsuites>
