<?xml version="1.0" encoding="UTF-8"?>
<testsuites name="short link tests" time="123.588" tests="7" failures="0" errors="0">
   <testsuite name="short link tests" tests="7" failures="0" errors="0" time="123.588" timestamp="2020-09-16 10:01:44" hostname="ilove - DESKTOP-AIUFI3G" id="Test Suites/short link tests">
      <properties>
         <property name="deviceName" value=""/>
         <property name="devicePlatform" value=""/>
         <property name="logFolder" value="C:\\Users\\ilove\\git\\Jira_Glass_1.4_Version_Testing\\Reports\\20200916_100142\\short link tests\\20200916_100142"/>
         <property name="logFiles" value="C:\\Users\\ilove\\git\\Jira_Glass_1.4_Version_Testing\\Reports\\20200916_100142\\short link tests\\20200916_100142\\execution0.log"/>
         <property name="attachments" value=""/>
         <property name="hostName" value="ilove - DESKTOP-AIUFI3G"/>
         <property name="os" value="Windows 10 64bit"/>
         <property name="katalonVersion" value="7.6.6.205"/>
         <property name="browser" value="Chrome 85.0.4183.102"/>
         <property name="hostAddress" value="192.168.0.106"/>
         <property name="sessionId" value="aa27aa63c277a1388011b2c8b7c67423"/>
         <property name="seleniumVersion" value="3.141.59"/>
         <property name="proxyInformation" value="ProxyInformation { proxyOption=NO_PROXY, proxyServerType=HTTP, username=, password=********, proxyServerAddress=, proxyServerPort=0, executionList=&quot;&quot;, isApplyToDesiredCapabilities=true }"/>
         <property name="platform" value="Windows 10"/>
      </properties>
      <testcase name="Test Cases/SystemAdminPermissions" time="18.235" classname="Test Cases/SystemAdminPermissions" status="PASSED">
         <system-out><![CDATA[2020-09-16 10:01:44 - [TEST_CASE][PASSED] - Test Cases/SystemAdminPermissions: Test Cases/SystemAdminPermissions

2020-09-16 10:01:44 - [TEST_STEP][PASSED] - xpath = "//span[@class='aui-icon aui-icon-small aui-iconfont-sidebar-link glass-middle-position']/ancestor::a[@href='" + root + "']": null

2020-09-16 10:01:44 - [TEST_STEP][PASSED] - tObject = new com.kms.katalon.core.testobject.TestObject(sortCut): null

2020-09-16 10:01:44 - [TEST_STEP][PASSED] - tObject.addProperty("xpath", EQUALS, xpath): null

2020-09-16 10:01:44 - [TEST_STEP][PASSED] - tab = new com.kms.katalon.core.testobject.TestObject(clickableTab): null

2020-09-16 10:01:44 - [TEST_STEP][PASSED] - tab.addProperty("xpath", EQUALS, clickableTab): null

2020-09-16 10:01:44 - [TEST_STEP][PASSED] - topTestKeywords.Login.openBrowser(): topTestKeywords.Login.openBrowser is PASSED

2020-09-16 10:01:45 - [MESSAGE][INFO] - Starting 'Chrome' driver

2020-09-16 10:01:45 - [MESSAGE][INFO] - Action delay is set to 0 milliseconds

2020-09-16 10:01:49 - [MESSAGE][PASSED] - Browser is opened with url: ''

2020-09-16 10:01:51 - [MESSAGE][PASSED] - Current window maximized

2020-09-16 10:01:52 - [MESSAGE][PASSED] - Navigate to 'https://jira2.codecool.codecanvas.hu' successfully

2020-09-16 10:01:52 - [MESSAGE][PASSED] - topTestKeywords.Login.openBrowser is PASSED

2020-09-16 10:01:52 - [TEST_STEP][PASSED] - topTestKeywords.Login.loginAsUser(SystemAdminUsername, SystemAdminPassword): topTestKeywords.Login.loginAsUser is PASSED

2020-09-16 10:01:53 - [MESSAGE][PASSED] - Text 'codecooladmin' is set on object 'Object Repository/Page_System Dashboard - Jira/Username Field'

2020-09-16 10:01:54 - [MESSAGE][PASSED] - Text '2019Aprilis1' is set on object 'Object Repository/Page_System Dashboard - Jira/Password Field'

2020-09-16 10:01:54 - [MESSAGE][PASSED] - Object: 'Object Repository/Page_System Dashboard - Jira/Login Button' is clicked on

2020-09-16 10:01:56 - [MESSAGE][PASSED] - Object 'Object Repository/Page_System Dashboard - Jira/User Avatar' is visible

2020-09-16 10:01:56 - [MESSAGE][PASSED] - topTestKeywords.Login.loginAsUser is PASSED

2020-09-16 10:01:56 - [TEST_STEP][PASSED] - navigateToUrl(BaseURL + "/projects/TWT?selectedItem=com.codecanvas.glass:glass"): Navigate to 'https://jira2.codecool.codecanvas.hu/projects/TWT?selectedItem=com.codecanvas.glass:glass' successfully

2020-09-16 10:01:58 - [MESSAGE][PASSED] - Navigate to 'https://jira2.codecool.codecanvas.hu/projects/TWT?selectedItem=com.codecanvas.glass:glass' successfully

2020-09-16 10:01:58 - [TEST_STEP][PASSED] - waitForElementVisible(tab, 10): Object 'clickableTab' is visible

2020-09-16 10:01:59 - [MESSAGE][PASSED] - Object 'clickableTab' is visible

2020-09-16 10:01:59 - [TEST_STEP][PASSED] - click(tab): Object: 'clickableTab' is clicked on

2020-09-16 10:01:59 - [MESSAGE][PASSED] - Object: 'clickableTab' is clicked on

2020-09-16 10:01:59 - [TEST_STEP][PASSED] - verifyElementPresent(tObject, 10): Object 'sortCut' is present

2020-09-16 10:02:00 - [MESSAGE][PASSED] - Object 'sortCut' is present

2020-09-16 10:02:00 - [TEST_STEP][PASSED] - click(tObject): Object: 'sortCut' is clicked on

2020-09-16 10:02:00 - [MESSAGE][PASSED] - Object: 'sortCut' is clicked on

2020-09-16 10:02:00 - [TEST_STEP][PASSED] - switchToWindowIndex(1): Switched to window with index: '1'

2020-09-16 10:02:00 - [MESSAGE][PASSED] - Switched to window with index: '1'

2020-09-16 10:02:00 - [TEST_STEP][PASSED] - waitForElementVisible(findTestObject("Object Repository/Project settings/Project Settings Title"), 10): Object 'Object Repository/Project settings/Project Settings Title' is visible

2020-09-16 10:02:02 - [MESSAGE][PASSED] - Object 'Object Repository/Project settings/Project Settings Title' is visible

2020-09-16 10:02:02 - [TEST_STEP][PASSED] - kms.turing.katalon.plugins.assertj.StringAssert.equals(getUrl(), expectedUrl, false, "", STOP_ON_FAILURE): The tested text 'https://jira2.codecool.codecanvas.hu/secure/project/EditProject!default.jspa?pid=10112' are equal to '{https://jira2.codecool.codecanvas.hu/secure/project/EditProject!default.jspa?pid=10112}'

2020-09-16 10:02:02 - [MESSAGE][PASSED] - Current window's url is: 'https://jira2.codecool.codecanvas.hu/secure/project/EditProject!default.jspa?pid=10112'

2020-09-16 10:02:02 - [MESSAGE][INFO] -  with case-sensitive: false

2020-09-16 10:02:02 - [MESSAGE][PASSED] - The tested text 'https://jira2.codecool.codecanvas.hu/secure/project/EditProject!default.jspa?pid=10112' are equal to '{https://jira2.codecool.codecanvas.hu/secure/project/EditProject!default.jspa?pid=10112}']]></system-out>
         <system-err><![CDATA[]]></system-err>
      </testcase>
      <testcase name="Test Cases/SystemAdminPermissions" time="16.995" classname="Test Cases/SystemAdminPermissions" status="PASSED">
         <system-out><![CDATA[2020-09-16 10:02:02 - [TEST_CASE][PASSED] - Test Cases/SystemAdminPermissions: Test Cases/SystemAdminPermissions

2020-09-16 10:02:02 - [TEST_STEP][PASSED] - xpath = "//span[@class='aui-icon aui-icon-small aui-iconfont-sidebar-link glass-middle-position']/ancestor::a[@href='" + root + "']": null

2020-09-16 10:02:02 - [TEST_STEP][PASSED] - tObject = new com.kms.katalon.core.testobject.TestObject(sortCut): null

2020-09-16 10:02:02 - [TEST_STEP][PASSED] - tObject.addProperty("xpath", EQUALS, xpath): null

2020-09-16 10:02:02 - [TEST_STEP][PASSED] - tab = new com.kms.katalon.core.testobject.TestObject(clickableTab): null

2020-09-16 10:02:02 - [TEST_STEP][PASSED] - tab.addProperty("xpath", EQUALS, clickableTab): null

2020-09-16 10:02:02 - [TEST_STEP][PASSED] - topTestKeywords.Login.openBrowser(): topTestKeywords.Login.openBrowser is PASSED

2020-09-16 10:02:02 - [MESSAGE][WARNING] - A browser is already opened. Closing browser and opening a new one

2020-09-16 10:02:03 - [MESSAGE][INFO] - Starting 'Chrome' driver

2020-09-16 10:02:03 - [MESSAGE][INFO] - Action delay is set to 0 milliseconds

2020-09-16 10:02:06 - [MESSAGE][PASSED] - Browser is opened with url: ''

2020-09-16 10:02:08 - [MESSAGE][PASSED] - Current window maximized

2020-09-16 10:02:09 - [MESSAGE][PASSED] - Navigate to 'https://jira2.codecool.codecanvas.hu' successfully

2020-09-16 10:02:09 - [MESSAGE][PASSED] - topTestKeywords.Login.openBrowser is PASSED

2020-09-16 10:02:09 - [TEST_STEP][PASSED] - topTestKeywords.Login.loginAsUser(SystemAdminUsername, SystemAdminPassword): topTestKeywords.Login.loginAsUser is PASSED

2020-09-16 10:02:10 - [MESSAGE][PASSED] - Text 'codecooladmin' is set on object 'Object Repository/Page_System Dashboard - Jira/Username Field'

2020-09-16 10:02:11 - [MESSAGE][PASSED] - Text '2019Aprilis1' is set on object 'Object Repository/Page_System Dashboard - Jira/Password Field'

2020-09-16 10:02:11 - [MESSAGE][PASSED] - Object: 'Object Repository/Page_System Dashboard - Jira/Login Button' is clicked on

2020-09-16 10:02:12 - [MESSAGE][PASSED] - Object 'Object Repository/Page_System Dashboard - Jira/User Avatar' is visible

2020-09-16 10:02:12 - [MESSAGE][PASSED] - topTestKeywords.Login.loginAsUser is PASSED

2020-09-16 10:02:12 - [TEST_STEP][PASSED] - navigateToUrl(BaseURL + "/projects/TWT?selectedItem=com.codecanvas.glass:glass"): Navigate to 'https://jira2.codecool.codecanvas.hu/projects/TWT?selectedItem=com.codecanvas.glass:glass' successfully

2020-09-16 10:02:15 - [MESSAGE][PASSED] - Navigate to 'https://jira2.codecool.codecanvas.hu/projects/TWT?selectedItem=com.codecanvas.glass:glass' successfully

2020-09-16 10:02:15 - [TEST_STEP][PASSED] - waitForElementVisible(tab, 10): Object 'clickableTab' is visible

2020-09-16 10:02:16 - [MESSAGE][PASSED] - Object 'clickableTab' is visible

2020-09-16 10:02:16 - [TEST_STEP][PASSED] - click(tab): Object: 'clickableTab' is clicked on

2020-09-16 10:02:16 - [MESSAGE][PASSED] - Object: 'clickableTab' is clicked on

2020-09-16 10:02:16 - [TEST_STEP][PASSED] - verifyElementPresent(tObject, 10): Object 'sortCut' is present

2020-09-16 10:02:17 - [MESSAGE][PASSED] - Object 'sortCut' is present

2020-09-16 10:02:17 - [TEST_STEP][PASSED] - click(tObject): Object: 'sortCut' is clicked on

2020-09-16 10:02:17 - [MESSAGE][PASSED] - Object: 'sortCut' is clicked on

2020-09-16 10:02:17 - [TEST_STEP][PASSED] - switchToWindowIndex(1): Switched to window with index: '1'

2020-09-16 10:02:17 - [MESSAGE][PASSED] - Switched to window with index: '1'

2020-09-16 10:02:17 - [TEST_STEP][PASSED] - waitForElementVisible(findTestObject("Object Repository/Project settings/Project Settings Title"), 10): Object 'Object Repository/Project settings/Project Settings Title' is visible

2020-09-16 10:02:19 - [MESSAGE][PASSED] - Object 'Object Repository/Project settings/Project Settings Title' is visible

2020-09-16 10:02:19 - [TEST_STEP][PASSED] - kms.turing.katalon.plugins.assertj.StringAssert.equals(getUrl(), expectedUrl, false, "", STOP_ON_FAILURE): The tested text 'https://jira2.codecool.codecanvas.hu/plugins/servlet/project-config/TWT/roles' are equal to '{https://jira2.codecool.codecanvas.hu/plugins/servlet/project-config/TWT/roles}'

2020-09-16 10:02:19 - [MESSAGE][PASSED] - Current window's url is: 'https://jira2.codecool.codecanvas.hu/plugins/servlet/project-config/TWT/roles'

2020-09-16 10:02:19 - [MESSAGE][INFO] -  with case-sensitive: false

2020-09-16 10:02:19 - [MESSAGE][PASSED] - The tested text 'https://jira2.codecool.codecanvas.hu/plugins/servlet/project-config/TWT/roles' are equal to '{https://jira2.codecool.codecanvas.hu/plugins/servlet/project-config/TWT/roles}']]></system-out>
         <system-err><![CDATA[]]></system-err>
      </testcase>
      <testcase name="Test Cases/SystemAdminPermissions" time="18.689" classname="Test Cases/SystemAdminPermissions" status="PASSED">
         <system-out><![CDATA[2020-09-16 10:02:19 - [TEST_CASE][PASSED] - Test Cases/SystemAdminPermissions: Test Cases/SystemAdminPermissions

2020-09-16 10:02:19 - [TEST_STEP][PASSED] - xpath = "//span[@class='aui-icon aui-icon-small aui-iconfont-sidebar-link glass-middle-position']/ancestor::a[@href='" + root + "']": null

2020-09-16 10:02:19 - [TEST_STEP][PASSED] - tObject = new com.kms.katalon.core.testobject.TestObject(sortCut): null

2020-09-16 10:02:19 - [TEST_STEP][PASSED] - tObject.addProperty("xpath", EQUALS, xpath): null

2020-09-16 10:02:19 - [TEST_STEP][PASSED] - tab = new com.kms.katalon.core.testobject.TestObject(clickableTab): null

2020-09-16 10:02:19 - [TEST_STEP][PASSED] - tab.addProperty("xpath", EQUALS, clickableTab): null

2020-09-16 10:02:19 - [TEST_STEP][PASSED] - topTestKeywords.Login.openBrowser(): topTestKeywords.Login.openBrowser is PASSED

2020-09-16 10:02:19 - [MESSAGE][WARNING] - A browser is already opened. Closing browser and opening a new one

2020-09-16 10:02:20 - [MESSAGE][INFO] - Starting 'Chrome' driver

2020-09-16 10:02:20 - [MESSAGE][INFO] - Action delay is set to 0 milliseconds

2020-09-16 10:02:23 - [MESSAGE][PASSED] - Browser is opened with url: ''

2020-09-16 10:02:25 - [MESSAGE][PASSED] - Current window maximized

2020-09-16 10:02:27 - [MESSAGE][PASSED] - Navigate to 'https://jira2.codecool.codecanvas.hu' successfully

2020-09-16 10:02:27 - [MESSAGE][PASSED] - topTestKeywords.Login.openBrowser is PASSED

2020-09-16 10:02:27 - [TEST_STEP][PASSED] - topTestKeywords.Login.loginAsUser(SystemAdminUsername, SystemAdminPassword): topTestKeywords.Login.loginAsUser is PASSED

2020-09-16 10:02:27 - [MESSAGE][PASSED] - Text 'codecooladmin' is set on object 'Object Repository/Page_System Dashboard - Jira/Username Field'

2020-09-16 10:02:28 - [MESSAGE][PASSED] - Text '2019Aprilis1' is set on object 'Object Repository/Page_System Dashboard - Jira/Password Field'

2020-09-16 10:02:28 - [MESSAGE][PASSED] - Object: 'Object Repository/Page_System Dashboard - Jira/Login Button' is clicked on

2020-09-16 10:02:30 - [MESSAGE][PASSED] - Object 'Object Repository/Page_System Dashboard - Jira/User Avatar' is visible

2020-09-16 10:02:30 - [MESSAGE][PASSED] - topTestKeywords.Login.loginAsUser is PASSED

2020-09-16 10:02:30 - [TEST_STEP][PASSED] - navigateToUrl(BaseURL + "/projects/TWT?selectedItem=com.codecanvas.glass:glass"): Navigate to 'https://jira2.codecool.codecanvas.hu/projects/TWT?selectedItem=com.codecanvas.glass:glass' successfully

2020-09-16 10:02:34 - [MESSAGE][PASSED] - Navigate to 'https://jira2.codecool.codecanvas.hu/projects/TWT?selectedItem=com.codecanvas.glass:glass' successfully

2020-09-16 10:02:34 - [TEST_STEP][PASSED] - waitForElementVisible(tab, 10): Object 'clickableTab' is visible

2020-09-16 10:02:35 - [MESSAGE][PASSED] - Object 'clickableTab' is visible

2020-09-16 10:02:35 - [TEST_STEP][PASSED] - click(tab): Object: 'clickableTab' is clicked on

2020-09-16 10:02:35 - [MESSAGE][PASSED] - Object: 'clickableTab' is clicked on

2020-09-16 10:02:35 - [TEST_STEP][PASSED] - verifyElementPresent(tObject, 10): Object 'sortCut' is present

2020-09-16 10:02:35 - [MESSAGE][PASSED] - Object 'sortCut' is present

2020-09-16 10:02:35 - [TEST_STEP][PASSED] - click(tObject): Object: 'sortCut' is clicked on

2020-09-16 10:02:36 - [MESSAGE][PASSED] - Object: 'sortCut' is clicked on

2020-09-16 10:02:36 - [TEST_STEP][PASSED] - switchToWindowIndex(1): Switched to window with index: '1'

2020-09-16 10:02:36 - [MESSAGE][PASSED] - Switched to window with index: '1'

2020-09-16 10:02:36 - [TEST_STEP][PASSED] - waitForElementVisible(findTestObject("Object Repository/Project settings/Project Settings Title"), 10): Object 'Object Repository/Project settings/Project Settings Title' is visible

2020-09-16 10:02:38 - [MESSAGE][PASSED] - Object 'Object Repository/Project settings/Project Settings Title' is visible

2020-09-16 10:02:38 - [TEST_STEP][PASSED] - kms.turing.katalon.plugins.assertj.StringAssert.equals(getUrl(), expectedUrl, false, "", STOP_ON_FAILURE): The tested text 'https://jira2.codecool.codecanvas.hu/plugins/servlet/project-config/TWT/permissions' are equal to '{https://jira2.codecool.codecanvas.hu/plugins/servlet/project-config/TWT/permissions}'

2020-09-16 10:02:38 - [MESSAGE][PASSED] - Current window's url is: 'https://jira2.codecool.codecanvas.hu/plugins/servlet/project-config/TWT/permissions'

2020-09-16 10:02:38 - [MESSAGE][INFO] -  with case-sensitive: false

2020-09-16 10:02:38 - [MESSAGE][PASSED] - The tested text 'https://jira2.codecool.codecanvas.hu/plugins/servlet/project-config/TWT/permissions' are equal to '{https://jira2.codecool.codecanvas.hu/plugins/servlet/project-config/TWT/permissions}']]></system-out>
         <system-err><![CDATA[]]></system-err>
      </testcase>
      <testcase name="Test Cases/SystemAdminPermissions" time="16.83" classname="Test Cases/SystemAdminPermissions" status="PASSED">
         <system-out><![CDATA[2020-09-16 10:02:38 - [TEST_CASE][PASSED] - Test Cases/SystemAdminPermissions: Test Cases/SystemAdminPermissions

2020-09-16 10:02:38 - [TEST_STEP][PASSED] - xpath = "//span[@class='aui-icon aui-icon-small aui-iconfont-sidebar-link glass-middle-position']/ancestor::a[@href='" + root + "']": null

2020-09-16 10:02:38 - [TEST_STEP][PASSED] - tObject = new com.kms.katalon.core.testobject.TestObject(sortCut): null

2020-09-16 10:02:38 - [TEST_STEP][PASSED] - tObject.addProperty("xpath", EQUALS, xpath): null

2020-09-16 10:02:38 - [TEST_STEP][PASSED] - tab = new com.kms.katalon.core.testobject.TestObject(clickableTab): null

2020-09-16 10:02:38 - [TEST_STEP][PASSED] - tab.addProperty("xpath", EQUALS, clickableTab): null

2020-09-16 10:02:38 - [TEST_STEP][PASSED] - topTestKeywords.Login.openBrowser(): topTestKeywords.Login.openBrowser is PASSED

2020-09-16 10:02:38 - [MESSAGE][WARNING] - A browser is already opened. Closing browser and opening a new one

2020-09-16 10:02:39 - [MESSAGE][INFO] - Starting 'Chrome' driver

2020-09-16 10:02:39 - [MESSAGE][INFO] - Action delay is set to 0 milliseconds

2020-09-16 10:02:42 - [MESSAGE][PASSED] - Browser is opened with url: ''

2020-09-16 10:02:44 - [MESSAGE][PASSED] - Current window maximized

2020-09-16 10:02:45 - [MESSAGE][PASSED] - Navigate to 'https://jira2.codecool.codecanvas.hu' successfully

2020-09-16 10:02:45 - [MESSAGE][PASSED] - topTestKeywords.Login.openBrowser is PASSED

2020-09-16 10:02:45 - [TEST_STEP][PASSED] - topTestKeywords.Login.loginAsUser(SystemAdminUsername, SystemAdminPassword): topTestKeywords.Login.loginAsUser is PASSED

2020-09-16 10:02:46 - [MESSAGE][PASSED] - Text 'codecooladmin' is set on object 'Object Repository/Page_System Dashboard - Jira/Username Field'

2020-09-16 10:02:46 - [MESSAGE][PASSED] - Text '2019Aprilis1' is set on object 'Object Repository/Page_System Dashboard - Jira/Password Field'

2020-09-16 10:02:47 - [MESSAGE][PASSED] - Object: 'Object Repository/Page_System Dashboard - Jira/Login Button' is clicked on

2020-09-16 10:02:48 - [MESSAGE][PASSED] - Object 'Object Repository/Page_System Dashboard - Jira/User Avatar' is visible

2020-09-16 10:02:48 - [MESSAGE][PASSED] - topTestKeywords.Login.loginAsUser is PASSED

2020-09-16 10:02:48 - [TEST_STEP][PASSED] - navigateToUrl(BaseURL + "/projects/TWT?selectedItem=com.codecanvas.glass:glass"): Navigate to 'https://jira2.codecool.codecanvas.hu/projects/TWT?selectedItem=com.codecanvas.glass:glass' successfully

2020-09-16 10:02:51 - [MESSAGE][PASSED] - Navigate to 'https://jira2.codecool.codecanvas.hu/projects/TWT?selectedItem=com.codecanvas.glass:glass' successfully

2020-09-16 10:02:51 - [TEST_STEP][PASSED] - waitForElementVisible(tab, 10): Object 'clickableTab' is visible

2020-09-16 10:02:51 - [MESSAGE][PASSED] - Object 'clickableTab' is visible

2020-09-16 10:02:51 - [TEST_STEP][PASSED] - click(tab): Object: 'clickableTab' is clicked on

2020-09-16 10:02:52 - [MESSAGE][PASSED] - Object: 'clickableTab' is clicked on

2020-09-16 10:02:52 - [TEST_STEP][PASSED] - verifyElementPresent(tObject, 10): Object 'sortCut' is present

2020-09-16 10:02:52 - [MESSAGE][PASSED] - Object 'sortCut' is present

2020-09-16 10:02:52 - [TEST_STEP][PASSED] - click(tObject): Object: 'sortCut' is clicked on

2020-09-16 10:02:52 - [MESSAGE][PASSED] - Object: 'sortCut' is clicked on

2020-09-16 10:02:52 - [TEST_STEP][PASSED] - switchToWindowIndex(1): Switched to window with index: '1'

2020-09-16 10:02:52 - [MESSAGE][PASSED] - Switched to window with index: '1'

2020-09-16 10:02:52 - [TEST_STEP][PASSED] - waitForElementVisible(findTestObject("Object Repository/Project settings/Project Settings Title"), 10): Object 'Object Repository/Project settings/Project Settings Title' is visible

2020-09-16 10:02:55 - [MESSAGE][PASSED] - Object 'Object Repository/Project settings/Project Settings Title' is visible

2020-09-16 10:02:55 - [TEST_STEP][PASSED] - kms.turing.katalon.plugins.assertj.StringAssert.equals(getUrl(), expectedUrl, false, "", STOP_ON_FAILURE): The tested text 'https://jira2.codecool.codecanvas.hu/plugins/servlet/project-config/TWT/notifications' are equal to '{https://jira2.codecool.codecanvas.hu/plugins/servlet/project-config/TWT/notifications}'

2020-09-16 10:02:55 - [MESSAGE][PASSED] - Current window's url is: 'https://jira2.codecool.codecanvas.hu/plugins/servlet/project-config/TWT/notifications'

2020-09-16 10:02:55 - [MESSAGE][INFO] -  with case-sensitive: false

2020-09-16 10:02:55 - [MESSAGE][PASSED] - The tested text 'https://jira2.codecool.codecanvas.hu/plugins/servlet/project-config/TWT/notifications' are equal to '{https://jira2.codecool.codecanvas.hu/plugins/servlet/project-config/TWT/notifications}']]></system-out>
         <system-err><![CDATA[]]></system-err>
      </testcase>
      <testcase name="Test Cases/SystemAdminPermissions" time="16.759" classname="Test Cases/SystemAdminPermissions" status="PASSED">
         <system-out><![CDATA[2020-09-16 10:02:55 - [TEST_CASE][PASSED] - Test Cases/SystemAdminPermissions: Test Cases/SystemAdminPermissions

2020-09-16 10:02:55 - [TEST_STEP][PASSED] - xpath = "//span[@class='aui-icon aui-icon-small aui-iconfont-sidebar-link glass-middle-position']/ancestor::a[@href='" + root + "']": null

2020-09-16 10:02:55 - [TEST_STEP][PASSED] - tObject = new com.kms.katalon.core.testobject.TestObject(sortCut): null

2020-09-16 10:02:55 - [TEST_STEP][PASSED] - tObject.addProperty("xpath", EQUALS, xpath): null

2020-09-16 10:02:55 - [TEST_STEP][PASSED] - tab = new com.kms.katalon.core.testobject.TestObject(clickableTab): null

2020-09-16 10:02:55 - [TEST_STEP][PASSED] - tab.addProperty("xpath", EQUALS, clickableTab): null

2020-09-16 10:02:55 - [TEST_STEP][PASSED] - topTestKeywords.Login.openBrowser(): topTestKeywords.Login.openBrowser is PASSED

2020-09-16 10:02:55 - [MESSAGE][WARNING] - A browser is already opened. Closing browser and opening a new one

2020-09-16 10:02:56 - [MESSAGE][INFO] - Starting 'Chrome' driver

2020-09-16 10:02:56 - [MESSAGE][INFO] - Action delay is set to 0 milliseconds

2020-09-16 10:02:59 - [MESSAGE][PASSED] - Browser is opened with url: ''

2020-09-16 10:03:01 - [MESSAGE][PASSED] - Current window maximized

2020-09-16 10:03:02 - [MESSAGE][PASSED] - Navigate to 'https://jira2.codecool.codecanvas.hu' successfully

2020-09-16 10:03:02 - [MESSAGE][PASSED] - topTestKeywords.Login.openBrowser is PASSED

2020-09-16 10:03:02 - [TEST_STEP][PASSED] - topTestKeywords.Login.loginAsUser(SystemAdminUsername, SystemAdminPassword): topTestKeywords.Login.loginAsUser is PASSED

2020-09-16 10:03:03 - [MESSAGE][PASSED] - Text 'codecooladmin' is set on object 'Object Repository/Page_System Dashboard - Jira/Username Field'

2020-09-16 10:03:03 - [MESSAGE][PASSED] - Text '2019Aprilis1' is set on object 'Object Repository/Page_System Dashboard - Jira/Password Field'

2020-09-16 10:03:04 - [MESSAGE][PASSED] - Object: 'Object Repository/Page_System Dashboard - Jira/Login Button' is clicked on

2020-09-16 10:03:05 - [MESSAGE][PASSED] - Object 'Object Repository/Page_System Dashboard - Jira/User Avatar' is visible

2020-09-16 10:03:05 - [MESSAGE][PASSED] - topTestKeywords.Login.loginAsUser is PASSED

2020-09-16 10:03:05 - [TEST_STEP][PASSED] - navigateToUrl(BaseURL + "/projects/TWT?selectedItem=com.codecanvas.glass:glass"): Navigate to 'https://jira2.codecool.codecanvas.hu/projects/TWT?selectedItem=com.codecanvas.glass:glass' successfully

2020-09-16 10:03:07 - [MESSAGE][PASSED] - Navigate to 'https://jira2.codecool.codecanvas.hu/projects/TWT?selectedItem=com.codecanvas.glass:glass' successfully

2020-09-16 10:03:07 - [TEST_STEP][PASSED] - waitForElementVisible(tab, 10): Object 'clickableTab' is visible

2020-09-16 10:03:08 - [MESSAGE][PASSED] - Object 'clickableTab' is visible

2020-09-16 10:03:08 - [TEST_STEP][PASSED] - click(tab): Object: 'clickableTab' is clicked on

2020-09-16 10:03:08 - [MESSAGE][PASSED] - Object: 'clickableTab' is clicked on

2020-09-16 10:03:08 - [TEST_STEP][PASSED] - verifyElementPresent(tObject, 10): Object 'sortCut' is present

2020-09-16 10:03:09 - [MESSAGE][PASSED] - Object 'sortCut' is present

2020-09-16 10:03:09 - [TEST_STEP][PASSED] - click(tObject): Object: 'sortCut' is clicked on

2020-09-16 10:03:09 - [MESSAGE][PASSED] - Object: 'sortCut' is clicked on

2020-09-16 10:03:09 - [TEST_STEP][PASSED] - switchToWindowIndex(1): Switched to window with index: '1'

2020-09-16 10:03:09 - [MESSAGE][PASSED] - Switched to window with index: '1'

2020-09-16 10:03:09 - [TEST_STEP][PASSED] - waitForElementVisible(findTestObject("Object Repository/Project settings/Project Settings Title"), 10): Object 'Object Repository/Project settings/Project Settings Title' is visible

2020-09-16 10:03:12 - [MESSAGE][PASSED] - Object 'Object Repository/Project settings/Project Settings Title' is visible

2020-09-16 10:03:12 - [TEST_STEP][PASSED] - kms.turing.katalon.plugins.assertj.StringAssert.equals(getUrl(), expectedUrl, false, "", STOP_ON_FAILURE): The tested text 'https://jira2.codecool.codecanvas.hu/plugins/servlet/project-config/TWT/administer-components' are equal to '{https://jira2.codecool.codecanvas.hu/plugins/servlet/project-config/TWT/administer-components}'

2020-09-16 10:03:12 - [MESSAGE][PASSED] - Current window's url is: 'https://jira2.codecool.codecanvas.hu/plugins/servlet/project-config/TWT/administer-components'

2020-09-16 10:03:12 - [MESSAGE][INFO] -  with case-sensitive: false

2020-09-16 10:03:12 - [MESSAGE][PASSED] - The tested text 'https://jira2.codecool.codecanvas.hu/plugins/servlet/project-config/TWT/administer-components' are equal to '{https://jira2.codecool.codecanvas.hu/plugins/servlet/project-config/TWT/administer-components}']]></system-out>
         <system-err><![CDATA[]]></system-err>
      </testcase>
      <testcase name="Test Cases/SystemAdminPermissions" time="16.947" classname="Test Cases/SystemAdminPermissions" status="PASSED">
         <system-out><![CDATA[2020-09-16 10:03:12 - [TEST_CASE][PASSED] - Test Cases/SystemAdminPermissions: Test Cases/SystemAdminPermissions

2020-09-16 10:03:12 - [TEST_STEP][PASSED] - xpath = "//span[@class='aui-icon aui-icon-small aui-iconfont-sidebar-link glass-middle-position']/ancestor::a[@href='" + root + "']": null

2020-09-16 10:03:12 - [TEST_STEP][PASSED] - tObject = new com.kms.katalon.core.testobject.TestObject(sortCut): null

2020-09-16 10:03:12 - [TEST_STEP][PASSED] - tObject.addProperty("xpath", EQUALS, xpath): null

2020-09-16 10:03:12 - [TEST_STEP][PASSED] - tab = new com.kms.katalon.core.testobject.TestObject(clickableTab): null

2020-09-16 10:03:12 - [TEST_STEP][PASSED] - tab.addProperty("xpath", EQUALS, clickableTab): null

2020-09-16 10:03:12 - [TEST_STEP][PASSED] - topTestKeywords.Login.openBrowser(): topTestKeywords.Login.openBrowser is PASSED

2020-09-16 10:03:12 - [MESSAGE][WARNING] - A browser is already opened. Closing browser and opening a new one

2020-09-16 10:03:12 - [MESSAGE][INFO] - Starting 'Chrome' driver

2020-09-16 10:03:12 - [MESSAGE][INFO] - Action delay is set to 0 milliseconds

2020-09-16 10:03:15 - [MESSAGE][PASSED] - Browser is opened with url: ''

2020-09-16 10:03:17 - [MESSAGE][PASSED] - Current window maximized

2020-09-16 10:03:19 - [MESSAGE][PASSED] - Navigate to 'https://jira2.codecool.codecanvas.hu' successfully

2020-09-16 10:03:19 - [MESSAGE][PASSED] - topTestKeywords.Login.openBrowser is PASSED

2020-09-16 10:03:19 - [TEST_STEP][PASSED] - topTestKeywords.Login.loginAsUser(SystemAdminUsername, SystemAdminPassword): topTestKeywords.Login.loginAsUser is PASSED

2020-09-16 10:03:20 - [MESSAGE][PASSED] - Text 'codecooladmin' is set on object 'Object Repository/Page_System Dashboard - Jira/Username Field'

2020-09-16 10:03:20 - [MESSAGE][PASSED] - Text '2019Aprilis1' is set on object 'Object Repository/Page_System Dashboard - Jira/Password Field'

2020-09-16 10:03:20 - [MESSAGE][PASSED] - Object: 'Object Repository/Page_System Dashboard - Jira/Login Button' is clicked on

2020-09-16 10:03:22 - [MESSAGE][PASSED] - Object 'Object Repository/Page_System Dashboard - Jira/User Avatar' is visible

2020-09-16 10:03:22 - [MESSAGE][PASSED] - topTestKeywords.Login.loginAsUser is PASSED

2020-09-16 10:03:22 - [TEST_STEP][PASSED] - navigateToUrl(BaseURL + "/projects/TWT?selectedItem=com.codecanvas.glass:glass"): Navigate to 'https://jira2.codecool.codecanvas.hu/projects/TWT?selectedItem=com.codecanvas.glass:glass' successfully

2020-09-16 10:03:24 - [MESSAGE][PASSED] - Navigate to 'https://jira2.codecool.codecanvas.hu/projects/TWT?selectedItem=com.codecanvas.glass:glass' successfully

2020-09-16 10:03:24 - [TEST_STEP][PASSED] - waitForElementVisible(tab, 10): Object 'clickableTab' is visible

2020-09-16 10:03:25 - [MESSAGE][PASSED] - Object 'clickableTab' is visible

2020-09-16 10:03:25 - [TEST_STEP][PASSED] - click(tab): Object: 'clickableTab' is clicked on

2020-09-16 10:03:25 - [MESSAGE][PASSED] - Object: 'clickableTab' is clicked on

2020-09-16 10:03:25 - [TEST_STEP][PASSED] - verifyElementPresent(tObject, 10): Object 'sortCut' is present

2020-09-16 10:03:26 - [MESSAGE][PASSED] - Object 'sortCut' is present

2020-09-16 10:03:26 - [TEST_STEP][PASSED] - click(tObject): Object: 'sortCut' is clicked on

2020-09-16 10:03:26 - [MESSAGE][PASSED] - Object: 'sortCut' is clicked on

2020-09-16 10:03:26 - [TEST_STEP][PASSED] - switchToWindowIndex(1): Switched to window with index: '1'

2020-09-16 10:03:26 - [MESSAGE][PASSED] - Switched to window with index: '1'

2020-09-16 10:03:26 - [TEST_STEP][PASSED] - waitForElementVisible(findTestObject("Object Repository/Project settings/Project Settings Title"), 10): Object 'Object Repository/Project settings/Project Settings Title' is visible

2020-09-16 10:03:29 - [MESSAGE][PASSED] - Object 'Object Repository/Project settings/Project Settings Title' is visible

2020-09-16 10:03:29 - [TEST_STEP][PASSED] - kms.turing.katalon.plugins.assertj.StringAssert.equals(getUrl(), expectedUrl, false, "", STOP_ON_FAILURE): The tested text 'https://jira2.codecool.codecanvas.hu/plugins/servlet/project-config/TWT/administer-versions' are equal to '{https://jira2.codecool.codecanvas.hu/plugins/servlet/project-config/TWT/administer-versions}'

2020-09-16 10:03:29 - [MESSAGE][PASSED] - Current window's url is: 'https://jira2.codecool.codecanvas.hu/plugins/servlet/project-config/TWT/administer-versions'

2020-09-16 10:03:29 - [MESSAGE][INFO] -  with case-sensitive: false

2020-09-16 10:03:29 - [MESSAGE][PASSED] - The tested text 'https://jira2.codecool.codecanvas.hu/plugins/servlet/project-config/TWT/administer-versions' are equal to '{https://jira2.codecool.codecanvas.hu/plugins/servlet/project-config/TWT/administer-versions}']]></system-out>
         <system-err><![CDATA[]]></system-err>
      </testcase>
      <testcase name="Test Cases/SystemAdminPermissions" time="17.855" classname="Test Cases/SystemAdminPermissions" status="PASSED">
         <system-out><![CDATA[2020-09-16 10:03:29 - [TEST_CASE][PASSED] - Test Cases/SystemAdminPermissions: Test Cases/SystemAdminPermissions

2020-09-16 10:03:29 - [TEST_STEP][PASSED] - xpath = "//span[@class='aui-icon aui-icon-small aui-iconfont-sidebar-link glass-middle-position']/ancestor::a[@href='" + root + "']": null

2020-09-16 10:03:29 - [TEST_STEP][PASSED] - tObject = new com.kms.katalon.core.testobject.TestObject(sortCut): null

2020-09-16 10:03:29 - [TEST_STEP][PASSED] - tObject.addProperty("xpath", EQUALS, xpath): null

2020-09-16 10:03:29 - [TEST_STEP][PASSED] - tab = new com.kms.katalon.core.testobject.TestObject(clickableTab): null

2020-09-16 10:03:29 - [TEST_STEP][PASSED] - tab.addProperty("xpath", EQUALS, clickableTab): null

2020-09-16 10:03:29 - [TEST_STEP][PASSED] - topTestKeywords.Login.openBrowser(): topTestKeywords.Login.openBrowser is PASSED

2020-09-16 10:03:29 - [MESSAGE][WARNING] - A browser is already opened. Closing browser and opening a new one

2020-09-16 10:03:29 - [MESSAGE][INFO] - Starting 'Chrome' driver

2020-09-16 10:03:29 - [MESSAGE][INFO] - Action delay is set to 0 milliseconds

2020-09-16 10:03:32 - [MESSAGE][PASSED] - Browser is opened with url: ''

2020-09-16 10:03:35 - [MESSAGE][PASSED] - Current window maximized

2020-09-16 10:03:36 - [MESSAGE][PASSED] - Navigate to 'https://jira2.codecool.codecanvas.hu' successfully

2020-09-16 10:03:36 - [MESSAGE][PASSED] - topTestKeywords.Login.openBrowser is PASSED

2020-09-16 10:03:36 - [TEST_STEP][PASSED] - topTestKeywords.Login.loginAsUser(SystemAdminUsername, SystemAdminPassword): topTestKeywords.Login.loginAsUser is PASSED

2020-09-16 10:03:37 - [MESSAGE][PASSED] - Text 'codecooladmin' is set on object 'Object Repository/Page_System Dashboard - Jira/Username Field'

2020-09-16 10:03:37 - [MESSAGE][PASSED] - Text '2019Aprilis1' is set on object 'Object Repository/Page_System Dashboard - Jira/Password Field'

2020-09-16 10:03:38 - [MESSAGE][PASSED] - Object: 'Object Repository/Page_System Dashboard - Jira/Login Button' is clicked on

2020-09-16 10:03:40 - [MESSAGE][PASSED] - Object 'Object Repository/Page_System Dashboard - Jira/User Avatar' is visible

2020-09-16 10:03:40 - [MESSAGE][PASSED] - topTestKeywords.Login.loginAsUser is PASSED

2020-09-16 10:03:40 - [TEST_STEP][PASSED] - navigateToUrl(BaseURL + "/projects/TWT?selectedItem=com.codecanvas.glass:glass"): Navigate to 'https://jira2.codecool.codecanvas.hu/projects/TWT?selectedItem=com.codecanvas.glass:glass' successfully

2020-09-16 10:03:42 - [MESSAGE][PASSED] - Navigate to 'https://jira2.codecool.codecanvas.hu/projects/TWT?selectedItem=com.codecanvas.glass:glass' successfully

2020-09-16 10:03:42 - [TEST_STEP][PASSED] - waitForElementVisible(tab, 10): Object 'clickableTab' is visible

2020-09-16 10:03:43 - [MESSAGE][PASSED] - Object 'clickableTab' is visible

2020-09-16 10:03:43 - [TEST_STEP][PASSED] - click(tab): Object: 'clickableTab' is clicked on

2020-09-16 10:03:43 - [MESSAGE][PASSED] - Object: 'clickableTab' is clicked on

2020-09-16 10:03:43 - [TEST_STEP][PASSED] - verifyElementPresent(tObject, 10): Object 'sortCut' is present

2020-09-16 10:03:44 - [MESSAGE][PASSED] - Object 'sortCut' is present

2020-09-16 10:03:44 - [TEST_STEP][PASSED] - click(tObject): Object: 'sortCut' is clicked on

2020-09-16 10:03:44 - [MESSAGE][PASSED] - Object: 'sortCut' is clicked on

2020-09-16 10:03:44 - [TEST_STEP][PASSED] - switchToWindowIndex(1): Switched to window with index: '1'

2020-09-16 10:03:44 - [MESSAGE][PASSED] - Switched to window with index: '1'

2020-09-16 10:03:44 - [TEST_STEP][PASSED] - waitForElementVisible(findTestObject("Object Repository/Project settings/Project Settings Title"), 10): Object 'Object Repository/Project settings/Project Settings Title' is visible

2020-09-16 10:03:46 - [MESSAGE][PASSED] - Object 'Object Repository/Project settings/Project Settings Title' is visible

2020-09-16 10:03:46 - [TEST_STEP][PASSED] - kms.turing.katalon.plugins.assertj.StringAssert.equals(getUrl(), expectedUrl, false, "", STOP_ON_FAILURE): The tested text 'https://jira2.codecool.codecanvas.hu/plugins/servlet/project-config/TWT/summary' are equal to '{https://jira2.codecool.codecanvas.hu/plugins/servlet/project-config/TWT/summary}'

2020-09-16 10:03:46 - [MESSAGE][PASSED] - Current window's url is: 'https://jira2.codecool.codecanvas.hu/plugins/servlet/project-config/TWT/summary'

2020-09-16 10:03:46 - [MESSAGE][INFO] -  with case-sensitive: false

2020-09-16 10:03:46 - [MESSAGE][PASSED] - The tested text 'https://jira2.codecool.codecanvas.hu/plugins/servlet/project-config/TWT/summary' are equal to '{https://jira2.codecool.codecanvas.hu/plugins/servlet/project-config/TWT/summary}']]></system-out>
         <system-err><![CDATA[]]></system-err>
      </testcase>
      <system-out><![CDATA[2020-09-16 10:01:44 - [TEST_SUITE][PASSED] - short link tests: Test Cases/SystemAdminPermissions]]></system-out>
      <system-err><![CDATA[]]></system-err>
   </testsuite>
</testsuites>
