<?xml version="1.0" encoding="UTF-8"?>
<testsuites name="short link tests" time="91.999" tests="6" failures="0" errors="0">
   <testsuite name="short link tests" tests="6" failures="0" errors="0" time="91.999" timestamp="2020-09-16 11:41:50" hostname="ilove - DESKTOP-AIUFI3G" id="Test Suites/short link tests">
      <properties>
         <property name="deviceName" value=""/>
         <property name="devicePlatform" value=""/>
         <property name="logFolder" value="C:\\Users\\ilove\\git\\Jira_Glass_1.4_Version_Testing\\Reports\\20200916_114148\\short link tests\\20200916_114148"/>
         <property name="logFiles" value="C:\\Users\\ilove\\git\\Jira_Glass_1.4_Version_Testing\\Reports\\20200916_114148\\short link tests\\20200916_114148\\execution0.log"/>
         <property name="attachments" value=""/>
         <property name="hostName" value="ilove - DESKTOP-AIUFI3G"/>
         <property name="os" value="Windows 10 64bit"/>
         <property name="katalonVersion" value="7.6.6.205"/>
         <property name="browser" value="Chrome 85.0.4183.102"/>
         <property name="hostAddress" value="192.168.0.106"/>
         <property name="sessionId" value="b0e2d80a34ce04354450b9110126cb13"/>
         <property name="seleniumVersion" value="3.141.59"/>
         <property name="proxyInformation" value="ProxyInformation { proxyOption=NO_PROXY, proxyServerType=HTTP, username=, password=********, proxyServerAddress=, proxyServerPort=0, executionList=&quot;&quot;, isApplyToDesiredCapabilities=true }"/>
         <property name="platform" value="Windows 10"/>
      </properties>
      <testcase name="Test Cases/SystemAdminSchemeLinks" time="17.837" classname="Test Cases/SystemAdminSchemeLinks" status="PASSED">
         <system-out><![CDATA[2020-09-16 11:41:50 - [TEST_CASE][PASSED] - Test Cases/SystemAdminSchemeLinks: Test Cases/SystemAdminSchemeLinks

2020-09-16 11:41:50 - [TEST_STEP][PASSED] - shortCutSchemes = new com.kms.katalon.core.testobject.TestObject(sortCut): null

2020-09-16 11:41:50 - [TEST_STEP][PASSED] - shortCutSchemes.addProperty("xpath", EQUALS, xpath): null

2020-09-16 11:41:50 - [TEST_STEP][PASSED] - topTestKeywords.Login.openBrowser(): topTestKeywords.Login.openBrowser is PASSED

2020-09-16 11:41:51 - [MESSAGE][INFO] - Starting 'Chrome' driver

2020-09-16 11:41:51 - [MESSAGE][INFO] - Action delay is set to 0 milliseconds

2020-09-16 11:41:55 - [MESSAGE][PASSED] - Browser is opened with url: ''

2020-09-16 11:41:57 - [MESSAGE][PASSED] - Current window maximized

2020-09-16 11:41:58 - [MESSAGE][PASSED] - Navigate to 'https://jira2.codecool.codecanvas.hu' successfully

2020-09-16 11:41:58 - [MESSAGE][PASSED] - topTestKeywords.Login.openBrowser is PASSED

2020-09-16 11:41:58 - [TEST_STEP][PASSED] - topTestKeywords.Login.loginAsUser(SystemAdminUsername, SystemAdminPassword): topTestKeywords.Login.loginAsUser is PASSED

2020-09-16 11:41:59 - [MESSAGE][PASSED] - Text 'codecooladmin' is set on object 'Object Repository/Page_System Dashboard - Jira/Username Field'

2020-09-16 11:42:00 - [MESSAGE][PASSED] - Text '2019Aprilis1' is set on object 'Object Repository/Page_System Dashboard - Jira/Password Field'

2020-09-16 11:42:00 - [MESSAGE][PASSED] - Object: 'Object Repository/Page_System Dashboard - Jira/Login Button' is clicked on

2020-09-16 11:42:01 - [MESSAGE][PASSED] - Object 'Object Repository/Page_System Dashboard - Jira/User Avatar' is visible

2020-09-16 11:42:01 - [MESSAGE][PASSED] - topTestKeywords.Login.loginAsUser is PASSED

2020-09-16 11:42:01 - [TEST_STEP][PASSED] - navigateToUrl(BaseURL + "/projects/TWT?selectedItem=com.codecanvas.glass:glass"): Navigate to 'https://jira2.codecool.codecanvas.hu/projects/TWT?selectedItem=com.codecanvas.glass:glass' successfully

2020-09-16 11:42:06 - [MESSAGE][PASSED] - Navigate to 'https://jira2.codecool.codecanvas.hu/projects/TWT?selectedItem=com.codecanvas.glass:glass' successfully

2020-09-16 11:42:06 - [TEST_STEP][PASSED] - waitForElementVisible(findTestObject("Object Repository/Page_ToP Week6 Test - Jira/Issue Dropdown"), 10): Object 'Object Repository/Page_ToP Week6 Test - Jira/Issue Dropdown' is visible

2020-09-16 11:42:07 - [MESSAGE][PASSED] - Object 'Object Repository/Page_ToP Week6 Test - Jira/Issue Dropdown' is visible

2020-09-16 11:42:07 - [TEST_STEP][PASSED] - click(findTestObject("Object Repository/Page_ToP Week6 Test - Jira/Schemes Tab")): Object: 'Object Repository/Page_ToP Week6 Test - Jira/Schemes Tab' is clicked on

2020-09-16 11:42:07 - [MESSAGE][PASSED] - Object: 'Object Repository/Page_ToP Week6 Test - Jira/Schemes Tab' is clicked on

2020-09-16 11:42:07 - [TEST_STEP][PASSED] - waitForElementVisible(findTestObject("Object Repository/Page_ToP Week6 Test - Jira/Schemes Title"), 10): Object 'Object Repository/Page_ToP Week6 Test - Jira/Schemes Title' is visible

2020-09-16 11:42:07 - [MESSAGE][PASSED] - Object 'Object Repository/Page_ToP Week6 Test - Jira/Schemes Title' is visible

2020-09-16 11:42:07 - [TEST_STEP][PASSED] - verifyElementVisible(shortCutSchemes, STOP_ON_FAILURE): Object 'sortCut' is visible

2020-09-16 11:42:08 - [MESSAGE][PASSED] - Object 'sortCut' is visible]]></system-out>
         <system-err><![CDATA[]]></system-err>
      </testcase>
      <testcase name="Test Cases/SystemAdminSchemeLinks" time="14.667" classname="Test Cases/SystemAdminSchemeLinks" status="PASSED">
         <system-out><![CDATA[2020-09-16 11:42:08 - [TEST_CASE][PASSED] - Test Cases/SystemAdminSchemeLinks: Test Cases/SystemAdminSchemeLinks

2020-09-16 11:42:08 - [TEST_STEP][PASSED] - shortCutSchemes = new com.kms.katalon.core.testobject.TestObject(sortCut): null

2020-09-16 11:42:08 - [TEST_STEP][PASSED] - shortCutSchemes.addProperty("xpath", EQUALS, xpath): null

2020-09-16 11:42:08 - [TEST_STEP][PASSED] - topTestKeywords.Login.openBrowser(): topTestKeywords.Login.openBrowser is PASSED

2020-09-16 11:42:08 - [MESSAGE][WARNING] - A browser is already opened. Closing browser and opening a new one

2020-09-16 11:42:08 - [MESSAGE][INFO] - Starting 'Chrome' driver

2020-09-16 11:42:08 - [MESSAGE][INFO] - Action delay is set to 0 milliseconds

2020-09-16 11:42:11 - [MESSAGE][PASSED] - Browser is opened with url: ''

2020-09-16 11:42:14 - [MESSAGE][PASSED] - Current window maximized

2020-09-16 11:42:15 - [MESSAGE][PASSED] - Navigate to 'https://jira2.codecool.codecanvas.hu' successfully

2020-09-16 11:42:15 - [MESSAGE][PASSED] - topTestKeywords.Login.openBrowser is PASSED

2020-09-16 11:42:15 - [TEST_STEP][PASSED] - topTestKeywords.Login.loginAsUser(SystemAdminUsername, SystemAdminPassword): topTestKeywords.Login.loginAsUser is PASSED

2020-09-16 11:42:16 - [MESSAGE][PASSED] - Text 'codecooladmin' is set on object 'Object Repository/Page_System Dashboard - Jira/Username Field'

2020-09-16 11:42:16 - [MESSAGE][PASSED] - Text '2019Aprilis1' is set on object 'Object Repository/Page_System Dashboard - Jira/Password Field'

2020-09-16 11:42:17 - [MESSAGE][PASSED] - Object: 'Object Repository/Page_System Dashboard - Jira/Login Button' is clicked on

2020-09-16 11:42:18 - [MESSAGE][PASSED] - Object 'Object Repository/Page_System Dashboard - Jira/User Avatar' is visible

2020-09-16 11:42:18 - [MESSAGE][PASSED] - topTestKeywords.Login.loginAsUser is PASSED

2020-09-16 11:42:18 - [TEST_STEP][PASSED] - navigateToUrl(BaseURL + "/projects/TWT?selectedItem=com.codecanvas.glass:glass"): Navigate to 'https://jira2.codecool.codecanvas.hu/projects/TWT?selectedItem=com.codecanvas.glass:glass' successfully

2020-09-16 11:42:20 - [MESSAGE][PASSED] - Navigate to 'https://jira2.codecool.codecanvas.hu/projects/TWT?selectedItem=com.codecanvas.glass:glass' successfully

2020-09-16 11:42:20 - [TEST_STEP][PASSED] - waitForElementVisible(findTestObject("Object Repository/Page_ToP Week6 Test - Jira/Issue Dropdown"), 10): Object 'Object Repository/Page_ToP Week6 Test - Jira/Issue Dropdown' is visible

2020-09-16 11:42:21 - [MESSAGE][PASSED] - Object 'Object Repository/Page_ToP Week6 Test - Jira/Issue Dropdown' is visible

2020-09-16 11:42:21 - [TEST_STEP][PASSED] - click(findTestObject("Object Repository/Page_ToP Week6 Test - Jira/Schemes Tab")): Object: 'Object Repository/Page_ToP Week6 Test - Jira/Schemes Tab' is clicked on

2020-09-16 11:42:22 - [MESSAGE][PASSED] - Object: 'Object Repository/Page_ToP Week6 Test - Jira/Schemes Tab' is clicked on

2020-09-16 11:42:22 - [TEST_STEP][PASSED] - waitForElementVisible(findTestObject("Object Repository/Page_ToP Week6 Test - Jira/Schemes Title"), 10): Object 'Object Repository/Page_ToP Week6 Test - Jira/Schemes Title' is visible

2020-09-16 11:42:22 - [MESSAGE][PASSED] - Object 'Object Repository/Page_ToP Week6 Test - Jira/Schemes Title' is visible

2020-09-16 11:42:22 - [TEST_STEP][PASSED] - verifyElementVisible(shortCutSchemes, STOP_ON_FAILURE): Object 'sortCut' is visible

2020-09-16 11:42:22 - [MESSAGE][PASSED] - Object 'sortCut' is visible]]></system-out>
         <system-err><![CDATA[]]></system-err>
      </testcase>
      <testcase name="Test Cases/SystemAdminSchemeLinks" time="14.52" classname="Test Cases/SystemAdminSchemeLinks" status="PASSED">
         <system-out><![CDATA[2020-09-16 11:42:22 - [TEST_CASE][PASSED] - Test Cases/SystemAdminSchemeLinks: Test Cases/SystemAdminSchemeLinks

2020-09-16 11:42:22 - [TEST_STEP][PASSED] - shortCutSchemes = new com.kms.katalon.core.testobject.TestObject(sortCut): null

2020-09-16 11:42:22 - [TEST_STEP][PASSED] - shortCutSchemes.addProperty("xpath", EQUALS, xpath): null

2020-09-16 11:42:22 - [TEST_STEP][PASSED] - topTestKeywords.Login.openBrowser(): topTestKeywords.Login.openBrowser is PASSED

2020-09-16 11:42:22 - [MESSAGE][WARNING] - A browser is already opened. Closing browser and opening a new one

2020-09-16 11:42:23 - [MESSAGE][INFO] - Starting 'Chrome' driver

2020-09-16 11:42:23 - [MESSAGE][INFO] - Action delay is set to 0 milliseconds

2020-09-16 11:42:26 - [MESSAGE][PASSED] - Browser is opened with url: ''

2020-09-16 11:42:28 - [MESSAGE][PASSED] - Current window maximized

2020-09-16 11:42:30 - [MESSAGE][PASSED] - Navigate to 'https://jira2.codecool.codecanvas.hu' successfully

2020-09-16 11:42:30 - [MESSAGE][PASSED] - topTestKeywords.Login.openBrowser is PASSED

2020-09-16 11:42:30 - [TEST_STEP][PASSED] - topTestKeywords.Login.loginAsUser(SystemAdminUsername, SystemAdminPassword): topTestKeywords.Login.loginAsUser is PASSED

2020-09-16 11:42:30 - [MESSAGE][PASSED] - Text 'codecooladmin' is set on object 'Object Repository/Page_System Dashboard - Jira/Username Field'

2020-09-16 11:42:31 - [MESSAGE][PASSED] - Text '2019Aprilis1' is set on object 'Object Repository/Page_System Dashboard - Jira/Password Field'

2020-09-16 11:42:31 - [MESSAGE][PASSED] - Object: 'Object Repository/Page_System Dashboard - Jira/Login Button' is clicked on

2020-09-16 11:42:32 - [MESSAGE][PASSED] - Object 'Object Repository/Page_System Dashboard - Jira/User Avatar' is visible

2020-09-16 11:42:32 - [MESSAGE][PASSED] - topTestKeywords.Login.loginAsUser is PASSED

2020-09-16 11:42:32 - [TEST_STEP][PASSED] - navigateToUrl(BaseURL + "/projects/TWT?selectedItem=com.codecanvas.glass:glass"): Navigate to 'https://jira2.codecool.codecanvas.hu/projects/TWT?selectedItem=com.codecanvas.glass:glass' successfully

2020-09-16 11:42:35 - [MESSAGE][PASSED] - Navigate to 'https://jira2.codecool.codecanvas.hu/projects/TWT?selectedItem=com.codecanvas.glass:glass' successfully

2020-09-16 11:42:35 - [TEST_STEP][PASSED] - waitForElementVisible(findTestObject("Object Repository/Page_ToP Week6 Test - Jira/Issue Dropdown"), 10): Object 'Object Repository/Page_ToP Week6 Test - Jira/Issue Dropdown' is visible

2020-09-16 11:42:36 - [MESSAGE][PASSED] - Object 'Object Repository/Page_ToP Week6 Test - Jira/Issue Dropdown' is visible

2020-09-16 11:42:36 - [TEST_STEP][PASSED] - click(findTestObject("Object Repository/Page_ToP Week6 Test - Jira/Schemes Tab")): Object: 'Object Repository/Page_ToP Week6 Test - Jira/Schemes Tab' is clicked on

2020-09-16 11:42:36 - [MESSAGE][PASSED] - Object: 'Object Repository/Page_ToP Week6 Test - Jira/Schemes Tab' is clicked on

2020-09-16 11:42:36 - [TEST_STEP][PASSED] - waitForElementVisible(findTestObject("Object Repository/Page_ToP Week6 Test - Jira/Schemes Title"), 10): Object 'Object Repository/Page_ToP Week6 Test - Jira/Schemes Title' is visible

2020-09-16 11:42:37 - [MESSAGE][PASSED] - Object 'Object Repository/Page_ToP Week6 Test - Jira/Schemes Title' is visible

2020-09-16 11:42:37 - [TEST_STEP][PASSED] - verifyElementVisible(shortCutSchemes, STOP_ON_FAILURE): Object 'sortCut' is visible

2020-09-16 11:42:37 - [MESSAGE][PASSED] - Object 'sortCut' is visible]]></system-out>
         <system-err><![CDATA[]]></system-err>
      </testcase>
      <testcase name="Test Cases/SystemAdminSchemeLinks" time="14.614" classname="Test Cases/SystemAdminSchemeLinks" status="PASSED">
         <system-out><![CDATA[2020-09-16 11:42:37 - [TEST_CASE][PASSED] - Test Cases/SystemAdminSchemeLinks: Test Cases/SystemAdminSchemeLinks

2020-09-16 11:42:37 - [TEST_STEP][PASSED] - shortCutSchemes = new com.kms.katalon.core.testobject.TestObject(sortCut): null

2020-09-16 11:42:37 - [TEST_STEP][PASSED] - shortCutSchemes.addProperty("xpath", EQUALS, xpath): null

2020-09-16 11:42:37 - [TEST_STEP][PASSED] - topTestKeywords.Login.openBrowser(): topTestKeywords.Login.openBrowser is PASSED

2020-09-16 11:42:37 - [MESSAGE][WARNING] - A browser is already opened. Closing browser and opening a new one

2020-09-16 11:42:38 - [MESSAGE][INFO] - Starting 'Chrome' driver

2020-09-16 11:42:38 - [MESSAGE][INFO] - Action delay is set to 0 milliseconds

2020-09-16 11:42:41 - [MESSAGE][PASSED] - Browser is opened with url: ''

2020-09-16 11:42:43 - [MESSAGE][PASSED] - Current window maximized

2020-09-16 11:42:44 - [MESSAGE][PASSED] - Navigate to 'https://jira2.codecool.codecanvas.hu' successfully

2020-09-16 11:42:44 - [MESSAGE][PASSED] - topTestKeywords.Login.openBrowser is PASSED

2020-09-16 11:42:44 - [TEST_STEP][PASSED] - topTestKeywords.Login.loginAsUser(SystemAdminUsername, SystemAdminPassword): topTestKeywords.Login.loginAsUser is PASSED

2020-09-16 11:42:45 - [MESSAGE][PASSED] - Text 'codecooladmin' is set on object 'Object Repository/Page_System Dashboard - Jira/Username Field'

2020-09-16 11:42:46 - [MESSAGE][PASSED] - Text '2019Aprilis1' is set on object 'Object Repository/Page_System Dashboard - Jira/Password Field'

2020-09-16 11:42:46 - [MESSAGE][PASSED] - Object: 'Object Repository/Page_System Dashboard - Jira/Login Button' is clicked on

2020-09-16 11:42:47 - [MESSAGE][PASSED] - Object 'Object Repository/Page_System Dashboard - Jira/User Avatar' is visible

2020-09-16 11:42:47 - [MESSAGE][PASSED] - topTestKeywords.Login.loginAsUser is PASSED

2020-09-16 11:42:47 - [TEST_STEP][PASSED] - navigateToUrl(BaseURL + "/projects/TWT?selectedItem=com.codecanvas.glass:glass"): Navigate to 'https://jira2.codecool.codecanvas.hu/projects/TWT?selectedItem=com.codecanvas.glass:glass' successfully

2020-09-16 11:42:49 - [MESSAGE][PASSED] - Navigate to 'https://jira2.codecool.codecanvas.hu/projects/TWT?selectedItem=com.codecanvas.glass:glass' successfully

2020-09-16 11:42:49 - [TEST_STEP][PASSED] - waitForElementVisible(findTestObject("Object Repository/Page_ToP Week6 Test - Jira/Issue Dropdown"), 10): Object 'Object Repository/Page_ToP Week6 Test - Jira/Issue Dropdown' is visible

2020-09-16 11:42:50 - [MESSAGE][PASSED] - Object 'Object Repository/Page_ToP Week6 Test - Jira/Issue Dropdown' is visible

2020-09-16 11:42:50 - [TEST_STEP][PASSED] - click(findTestObject("Object Repository/Page_ToP Week6 Test - Jira/Schemes Tab")): Object: 'Object Repository/Page_ToP Week6 Test - Jira/Schemes Tab' is clicked on

2020-09-16 11:42:51 - [MESSAGE][PASSED] - Object: 'Object Repository/Page_ToP Week6 Test - Jira/Schemes Tab' is clicked on

2020-09-16 11:42:51 - [TEST_STEP][PASSED] - waitForElementVisible(findTestObject("Object Repository/Page_ToP Week6 Test - Jira/Schemes Title"), 10): Object 'Object Repository/Page_ToP Week6 Test - Jira/Schemes Title' is visible

2020-09-16 11:42:51 - [MESSAGE][PASSED] - Object 'Object Repository/Page_ToP Week6 Test - Jira/Schemes Title' is visible

2020-09-16 11:42:51 - [TEST_STEP][PASSED] - verifyElementVisible(shortCutSchemes, STOP_ON_FAILURE): Object 'sortCut' is visible

2020-09-16 11:42:52 - [MESSAGE][PASSED] - Object 'sortCut' is visible]]></system-out>
         <system-err><![CDATA[]]></system-err>
      </testcase>
      <testcase name="Test Cases/SystemAdminSchemeLinks" time="14.723" classname="Test Cases/SystemAdminSchemeLinks" status="PASSED">
         <system-out><![CDATA[2020-09-16 11:42:52 - [TEST_CASE][PASSED] - Test Cases/SystemAdminSchemeLinks: Test Cases/SystemAdminSchemeLinks

2020-09-16 11:42:52 - [TEST_STEP][PASSED] - shortCutSchemes = new com.kms.katalon.core.testobject.TestObject(sortCut): null

2020-09-16 11:42:52 - [TEST_STEP][PASSED] - shortCutSchemes.addProperty("xpath", EQUALS, xpath): null

2020-09-16 11:42:52 - [TEST_STEP][PASSED] - topTestKeywords.Login.openBrowser(): topTestKeywords.Login.openBrowser is PASSED

2020-09-16 11:42:52 - [MESSAGE][WARNING] - A browser is already opened. Closing browser and opening a new one

2020-09-16 11:42:52 - [MESSAGE][INFO] - Starting 'Chrome' driver

2020-09-16 11:42:52 - [MESSAGE][INFO] - Action delay is set to 0 milliseconds

2020-09-16 11:42:55 - [MESSAGE][PASSED] - Browser is opened with url: ''

2020-09-16 11:42:58 - [MESSAGE][PASSED] - Current window maximized

2020-09-16 11:42:59 - [MESSAGE][PASSED] - Navigate to 'https://jira2.codecool.codecanvas.hu' successfully

2020-09-16 11:42:59 - [MESSAGE][PASSED] - topTestKeywords.Login.openBrowser is PASSED

2020-09-16 11:42:59 - [TEST_STEP][PASSED] - topTestKeywords.Login.loginAsUser(SystemAdminUsername, SystemAdminPassword): topTestKeywords.Login.loginAsUser is PASSED

2020-09-16 11:43:00 - [MESSAGE][PASSED] - Text 'codecooladmin' is set on object 'Object Repository/Page_System Dashboard - Jira/Username Field'

2020-09-16 11:43:00 - [MESSAGE][PASSED] - Text '2019Aprilis1' is set on object 'Object Repository/Page_System Dashboard - Jira/Password Field'

2020-09-16 11:43:01 - [MESSAGE][PASSED] - Object: 'Object Repository/Page_System Dashboard - Jira/Login Button' is clicked on

2020-09-16 11:43:02 - [MESSAGE][PASSED] - Object 'Object Repository/Page_System Dashboard - Jira/User Avatar' is visible

2020-09-16 11:43:02 - [MESSAGE][PASSED] - topTestKeywords.Login.loginAsUser is PASSED

2020-09-16 11:43:02 - [TEST_STEP][PASSED] - navigateToUrl(BaseURL + "/projects/TWT?selectedItem=com.codecanvas.glass:glass"): Navigate to 'https://jira2.codecool.codecanvas.hu/projects/TWT?selectedItem=com.codecanvas.glass:glass' successfully

2020-09-16 11:43:04 - [MESSAGE][PASSED] - Navigate to 'https://jira2.codecool.codecanvas.hu/projects/TWT?selectedItem=com.codecanvas.glass:glass' successfully

2020-09-16 11:43:04 - [TEST_STEP][PASSED] - waitForElementVisible(findTestObject("Object Repository/Page_ToP Week6 Test - Jira/Issue Dropdown"), 10): Object 'Object Repository/Page_ToP Week6 Test - Jira/Issue Dropdown' is visible

2020-09-16 11:43:05 - [MESSAGE][PASSED] - Object 'Object Repository/Page_ToP Week6 Test - Jira/Issue Dropdown' is visible

2020-09-16 11:43:05 - [TEST_STEP][PASSED] - click(findTestObject("Object Repository/Page_ToP Week6 Test - Jira/Schemes Tab")): Object: 'Object Repository/Page_ToP Week6 Test - Jira/Schemes Tab' is clicked on

2020-09-16 11:43:06 - [MESSAGE][PASSED] - Object: 'Object Repository/Page_ToP Week6 Test - Jira/Schemes Tab' is clicked on

2020-09-16 11:43:06 - [TEST_STEP][PASSED] - waitForElementVisible(findTestObject("Object Repository/Page_ToP Week6 Test - Jira/Schemes Title"), 10): Object 'Object Repository/Page_ToP Week6 Test - Jira/Schemes Title' is visible

2020-09-16 11:43:06 - [MESSAGE][PASSED] - Object 'Object Repository/Page_ToP Week6 Test - Jira/Schemes Title' is visible

2020-09-16 11:43:06 - [TEST_STEP][PASSED] - verifyElementVisible(shortCutSchemes, STOP_ON_FAILURE): Object 'sortCut' is visible

2020-09-16 11:43:06 - [MESSAGE][PASSED] - Object 'sortCut' is visible]]></system-out>
         <system-err><![CDATA[]]></system-err>
      </testcase>
      <testcase name="Test Cases/SystemAdminSchemeLinks" time="14.452" classname="Test Cases/SystemAdminSchemeLinks" status="PASSED">
         <system-out><![CDATA[2020-09-16 11:43:06 - [TEST_CASE][PASSED] - Test Cases/SystemAdminSchemeLinks: Test Cases/SystemAdminSchemeLinks

2020-09-16 11:43:06 - [TEST_STEP][PASSED] - shortCutSchemes = new com.kms.katalon.core.testobject.TestObject(sortCut): null

2020-09-16 11:43:06 - [TEST_STEP][PASSED] - shortCutSchemes.addProperty("xpath", EQUALS, xpath): null

2020-09-16 11:43:06 - [TEST_STEP][PASSED] - topTestKeywords.Login.openBrowser(): topTestKeywords.Login.openBrowser is PASSED

2020-09-16 11:43:06 - [MESSAGE][WARNING] - A browser is already opened. Closing browser and opening a new one

2020-09-16 11:43:07 - [MESSAGE][INFO] - Starting 'Chrome' driver

2020-09-16 11:43:07 - [MESSAGE][INFO] - Action delay is set to 0 milliseconds

2020-09-16 11:43:10 - [MESSAGE][PASSED] - Browser is opened with url: ''

2020-09-16 11:43:12 - [MESSAGE][PASSED] - Current window maximized

2020-09-16 11:43:14 - [MESSAGE][PASSED] - Navigate to 'https://jira2.codecool.codecanvas.hu' successfully

2020-09-16 11:43:14 - [MESSAGE][PASSED] - topTestKeywords.Login.openBrowser is PASSED

2020-09-16 11:43:14 - [TEST_STEP][PASSED] - topTestKeywords.Login.loginAsUser(SystemAdminUsername, SystemAdminPassword): topTestKeywords.Login.loginAsUser is PASSED

2020-09-16 11:43:14 - [MESSAGE][PASSED] - Text 'codecooladmin' is set on object 'Object Repository/Page_System Dashboard - Jira/Username Field'

2020-09-16 11:43:15 - [MESSAGE][PASSED] - Text '2019Aprilis1' is set on object 'Object Repository/Page_System Dashboard - Jira/Password Field'

2020-09-16 11:43:15 - [MESSAGE][PASSED] - Object: 'Object Repository/Page_System Dashboard - Jira/Login Button' is clicked on

2020-09-16 11:43:16 - [MESSAGE][PASSED] - Object 'Object Repository/Page_System Dashboard - Jira/User Avatar' is visible

2020-09-16 11:43:16 - [MESSAGE][PASSED] - topTestKeywords.Login.loginAsUser is PASSED

2020-09-16 11:43:16 - [TEST_STEP][PASSED] - navigateToUrl(BaseURL + "/projects/TWT?selectedItem=com.codecanvas.glass:glass"): Navigate to 'https://jira2.codecool.codecanvas.hu/projects/TWT?selectedItem=com.codecanvas.glass:glass' successfully

2020-09-16 11:43:19 - [MESSAGE][PASSED] - Navigate to 'https://jira2.codecool.codecanvas.hu/projects/TWT?selectedItem=com.codecanvas.glass:glass' successfully

2020-09-16 11:43:19 - [TEST_STEP][PASSED] - waitForElementVisible(findTestObject("Object Repository/Page_ToP Week6 Test - Jira/Issue Dropdown"), 10): Object 'Object Repository/Page_ToP Week6 Test - Jira/Issue Dropdown' is visible

2020-09-16 11:43:20 - [MESSAGE][PASSED] - Object 'Object Repository/Page_ToP Week6 Test - Jira/Issue Dropdown' is visible

2020-09-16 11:43:20 - [TEST_STEP][PASSED] - click(findTestObject("Object Repository/Page_ToP Week6 Test - Jira/Schemes Tab")): Object: 'Object Repository/Page_ToP Week6 Test - Jira/Schemes Tab' is clicked on

2020-09-16 11:43:20 - [MESSAGE][PASSED] - Object: 'Object Repository/Page_ToP Week6 Test - Jira/Schemes Tab' is clicked on

2020-09-16 11:43:20 - [TEST_STEP][PASSED] - waitForElementVisible(findTestObject("Object Repository/Page_ToP Week6 Test - Jira/Schemes Title"), 10): Object 'Object Repository/Page_ToP Week6 Test - Jira/Schemes Title' is visible

2020-09-16 11:43:20 - [MESSAGE][PASSED] - Object 'Object Repository/Page_ToP Week6 Test - Jira/Schemes Title' is visible

2020-09-16 11:43:20 - [TEST_STEP][PASSED] - verifyElementVisible(shortCutSchemes, STOP_ON_FAILURE): Object 'sortCut' is visible

2020-09-16 11:43:21 - [MESSAGE][PASSED] - Object 'sortCut' is visible]]></system-out>
         <system-err><![CDATA[]]></system-err>
      </testcase>
      <system-out><![CDATA[2020-09-16 11:41:50 - [TEST_SUITE][PASSED] - short link tests: Test Cases/SystemAdminSchemeLinks]]></system-out>
      <system-err><![CDATA[]]></system-err>
   </testsuite>
</testsuites>
