<?xml version="1.0" encoding="UTF-8"?>
<testsuites name="short link tests" time="76.255" tests="4" failures="0" errors="0">
   <testsuite name="short link tests" tests="4" failures="0" errors="0" time="76.255" timestamp="2020-09-17 10:46:37" hostname="x - DESKTOP-S0L1J4E" id="Test Suites/short link tests">
      <properties>
         <property name="deviceName" value=""/>
         <property name="devicePlatform" value=""/>
         <property name="logFolder" value="C:\\Users\\x\\git\\Jira_Glass_1.4_Version_Testing\\Reports\\20200917_104631\\short link tests\\20200917_104631"/>
         <property name="logFiles" value="C:\\Users\\x\\git\\Jira_Glass_1.4_Version_Testing\\Reports\\20200917_104631\\short link tests\\20200917_104631\\execution0.log"/>
         <property name="attachments" value=""/>
         <property name="hostName" value="x - DESKTOP-S0L1J4E"/>
         <property name="os" value="Windows 10 64bit"/>
         <property name="katalonVersion" value="7.6.6.205"/>
         <property name="browser" value="Chrome 85.0.4183.102"/>
         <property name="hostAddress" value="192.168.56.1"/>
         <property name="sessionId" value="48d5224ccb433e8a356947a0dd4f9892"/>
         <property name="seleniumVersion" value="3.141.59"/>
         <property name="proxyInformation" value="ProxyInformation { proxyOption=NO_PROXY, proxyServerType=HTTP, username=, password=********, proxyServerAddress=, proxyServerPort=0, executionList=&quot;&quot;, isApplyToDesiredCapabilities=true }"/>
         <property name="platform" value="Windows 10"/>
      </properties>
      <testcase name="Test Cases/InProgress/WorkflowAnalysisPostFunctionsCounter" time="19.217" classname="Test Cases/InProgress/WorkflowAnalysisPostFunctionsCounter" status="PASSED">
         <system-out><![CDATA[2020-09-17 10:46:38 - [TEST_CASE][PASSED] - Test Cases/InProgress/WorkflowAnalysisPostFunctionsCounter: Test Cases/InProgress/WorkflowAnalysisPostFunctionsCounter

2020-09-17 10:46:39 - [TEST_STEP][PASSED] - postFunctionCounter = new com.kms.katalon.core.testobject.TestObject(postFunctionCounter): null

2020-09-17 10:46:39 - [TEST_STEP][PASSED] - postFunctionCounter.addProperty("xpath", EQUALS, xpath): null

2020-09-17 10:46:39 - [TEST_STEP][PASSED] - topTestKeywords.Login.openBrowser(): topTestKeywords.Login.openBrowser is PASSED

2020-09-17 10:46:39 - [MESSAGE][INFO] - Starting 'Chrome' driver

2020-09-17 10:46:39 - [MESSAGE][INFO] - Action delay is set to 0 milliseconds

2020-09-17 10:46:43 - [MESSAGE][PASSED] - Browser is opened with url: ''

2020-09-17 10:46:45 - [MESSAGE][PASSED] - Current window maximized

2020-09-17 10:46:47 - [MESSAGE][PASSED] - Navigate to 'https://jira2.codecool.codecanvas.hu' successfully

2020-09-17 10:46:47 - [MESSAGE][PASSED] - topTestKeywords.Login.openBrowser is PASSED

2020-09-17 10:46:47 - [TEST_STEP][PASSED] - topTestKeywords.Login.loginAsUser(SystemAdminUsername, SystemAdminPassword): topTestKeywords.Login.loginAsUser is PASSED

2020-09-17 10:46:48 - [MESSAGE][PASSED] - Text 'codecooladmin' is set on object 'Object Repository/Page_System Dashboard - Jira/Username Field'

2020-09-17 10:46:49 - [MESSAGE][PASSED] - Text '2019Aprilis1' is set on object 'Object Repository/Page_System Dashboard - Jira/Password Field'

2020-09-17 10:46:49 - [MESSAGE][PASSED] - Object: 'Object Repository/Page_System Dashboard - Jira/Login Button' is clicked on

2020-09-17 10:46:51 - [MESSAGE][PASSED] - Object 'Object Repository/Page_System Dashboard - Jira/User Avatar' is visible

2020-09-17 10:46:51 - [MESSAGE][PASSED] - topTestKeywords.Login.loginAsUser is PASSED

2020-09-17 10:46:51 - [TEST_STEP][PASSED] - topTestKeywords.Login.goToTheWorkflow(timeout): topTestKeywords.Login.goToTheWorkflow is PASSED

2020-09-17 10:46:53 - [MESSAGE][PASSED] - Navigate to 'https://jira2.codecool.codecanvas.hu/projects/TWT?selectedItem=com.codecanvas.glass:glass' successfully

2020-09-17 10:46:54 - [MESSAGE][PASSED] - Object 'Object Repository/Page_ToP Week6 Test - Jira/Issue Dropdown' is visible

2020-09-17 10:46:55 - [MESSAGE][PASSED] - Object: 'Object Repository/Page_ToP Week6 Test - Jira/Issue Dropdown' is clicked on

2020-09-17 10:46:55 - [MESSAGE][PASSED] - Object 'Object Repository/Page_ToP Week6 Test - Jira/Issue Type' is visible

2020-09-17 10:46:56 - [MESSAGE][PASSED] - Object: 'Object Repository/Page_ToP Week6 Test - Jira/Issue Type' is clicked on

2020-09-17 10:46:57 - [MESSAGE][PASSED] - Object 'Object Repository/Project Workflow/WorkflowTransitionsTitle' is visible

2020-09-17 10:46:57 - [MESSAGE][PASSED] - topTestKeywords.Login.goToTheWorkflow is PASSED

2020-09-17 10:46:57 - [TEST_STEP][PASSED] - verifyElementText(postFunctionCounter, expectedNumber): Actual text and expected text of test object 'postFunctionCounter' are matched.

2020-09-17 10:46:57 - [MESSAGE][PASSED] - Actual text and expected text of test object 'postFunctionCounter' are matched.]]></system-out>
         <system-err><![CDATA[]]></system-err>
      </testcase>
      <testcase name="Test Cases/InProgress/WorkflowAnalysisPostFunctionsCounter" time="19.06" classname="Test Cases/InProgress/WorkflowAnalysisPostFunctionsCounter" status="PASSED">
         <system-out><![CDATA[2020-09-17 10:46:57 - [TEST_CASE][PASSED] - Test Cases/InProgress/WorkflowAnalysisPostFunctionsCounter: Test Cases/InProgress/WorkflowAnalysisPostFunctionsCounter

2020-09-17 10:46:57 - [TEST_STEP][PASSED] - postFunctionCounter = new com.kms.katalon.core.testobject.TestObject(postFunctionCounter): null

2020-09-17 10:46:57 - [TEST_STEP][PASSED] - postFunctionCounter.addProperty("xpath", EQUALS, xpath): null

2020-09-17 10:46:57 - [TEST_STEP][PASSED] - topTestKeywords.Login.openBrowser(): topTestKeywords.Login.openBrowser is PASSED

2020-09-17 10:46:57 - [MESSAGE][WARNING] - A browser is already opened. Closing browser and opening a new one

2020-09-17 10:46:58 - [MESSAGE][INFO] - Starting 'Chrome' driver

2020-09-17 10:46:58 - [MESSAGE][INFO] - Action delay is set to 0 milliseconds

2020-09-17 10:47:01 - [MESSAGE][PASSED] - Browser is opened with url: ''

2020-09-17 10:47:03 - [MESSAGE][PASSED] - Current window maximized

2020-09-17 10:47:05 - [MESSAGE][PASSED] - Navigate to 'https://jira2.codecool.codecanvas.hu' successfully

2020-09-17 10:47:05 - [MESSAGE][PASSED] - topTestKeywords.Login.openBrowser is PASSED

2020-09-17 10:47:05 - [TEST_STEP][PASSED] - topTestKeywords.Login.loginAsUser(SystemAdminUsername, SystemAdminPassword): topTestKeywords.Login.loginAsUser is PASSED

2020-09-17 10:47:06 - [MESSAGE][PASSED] - Text 'codecooladmin' is set on object 'Object Repository/Page_System Dashboard - Jira/Username Field'

2020-09-17 10:47:07 - [MESSAGE][PASSED] - Text '2019Aprilis1' is set on object 'Object Repository/Page_System Dashboard - Jira/Password Field'

2020-09-17 10:47:07 - [MESSAGE][PASSED] - Object: 'Object Repository/Page_System Dashboard - Jira/Login Button' is clicked on

2020-09-17 10:47:10 - [MESSAGE][PASSED] - Object 'Object Repository/Page_System Dashboard - Jira/User Avatar' is visible

2020-09-17 10:47:10 - [MESSAGE][PASSED] - topTestKeywords.Login.loginAsUser is PASSED

2020-09-17 10:47:10 - [TEST_STEP][PASSED] - topTestKeywords.Login.goToTheWorkflow(timeout): topTestKeywords.Login.goToTheWorkflow is PASSED

2020-09-17 10:47:13 - [MESSAGE][PASSED] - Navigate to 'https://jira2.codecool.codecanvas.hu/projects/TWT?selectedItem=com.codecanvas.glass:glass' successfully

2020-09-17 10:47:14 - [MESSAGE][PASSED] - Object 'Object Repository/Page_ToP Week6 Test - Jira/Issue Dropdown' is visible

2020-09-17 10:47:14 - [MESSAGE][PASSED] - Object: 'Object Repository/Page_ToP Week6 Test - Jira/Issue Dropdown' is clicked on

2020-09-17 10:47:14 - [MESSAGE][PASSED] - Object 'Object Repository/Page_ToP Week6 Test - Jira/Issue Type' is visible

2020-09-17 10:47:15 - [MESSAGE][PASSED] - Object: 'Object Repository/Page_ToP Week6 Test - Jira/Issue Type' is clicked on

2020-09-17 10:47:16 - [MESSAGE][PASSED] - Object 'Object Repository/Project Workflow/WorkflowTransitionsTitle' is visible

2020-09-17 10:47:16 - [MESSAGE][PASSED] - topTestKeywords.Login.goToTheWorkflow is PASSED

2020-09-17 10:47:16 - [TEST_STEP][PASSED] - verifyElementText(postFunctionCounter, expectedNumber): Actual text and expected text of test object 'postFunctionCounter' are matched.

2020-09-17 10:47:16 - [MESSAGE][PASSED] - Actual text and expected text of test object 'postFunctionCounter' are matched.]]></system-out>
         <system-err><![CDATA[]]></system-err>
      </testcase>
      <testcase name="Test Cases/InProgress/WorkflowAnalysisPostFunctionsCounter" time="17.796" classname="Test Cases/InProgress/WorkflowAnalysisPostFunctionsCounter" status="PASSED">
         <system-out><![CDATA[2020-09-17 10:47:16 - [TEST_CASE][PASSED] - Test Cases/InProgress/WorkflowAnalysisPostFunctionsCounter: Test Cases/InProgress/WorkflowAnalysisPostFunctionsCounter

2020-09-17 10:47:16 - [TEST_STEP][PASSED] - postFunctionCounter = new com.kms.katalon.core.testobject.TestObject(postFunctionCounter): null

2020-09-17 10:47:16 - [TEST_STEP][PASSED] - postFunctionCounter.addProperty("xpath", EQUALS, xpath): null

2020-09-17 10:47:16 - [TEST_STEP][PASSED] - topTestKeywords.Login.openBrowser(): topTestKeywords.Login.openBrowser is PASSED

2020-09-17 10:47:16 - [MESSAGE][WARNING] - A browser is already opened. Closing browser and opening a new one

2020-09-17 10:47:17 - [MESSAGE][INFO] - Starting 'Chrome' driver

2020-09-17 10:47:17 - [MESSAGE][INFO] - Action delay is set to 0 milliseconds

2020-09-17 10:47:20 - [MESSAGE][PASSED] - Browser is opened with url: ''

2020-09-17 10:47:22 - [MESSAGE][PASSED] - Current window maximized

2020-09-17 10:47:24 - [MESSAGE][PASSED] - Navigate to 'https://jira2.codecool.codecanvas.hu' successfully

2020-09-17 10:47:24 - [MESSAGE][PASSED] - topTestKeywords.Login.openBrowser is PASSED

2020-09-17 10:47:24 - [TEST_STEP][PASSED] - topTestKeywords.Login.loginAsUser(SystemAdminUsername, SystemAdminPassword): topTestKeywords.Login.loginAsUser is PASSED

2020-09-17 10:47:25 - [MESSAGE][PASSED] - Text 'codecooladmin' is set on object 'Object Repository/Page_System Dashboard - Jira/Username Field'

2020-09-17 10:47:26 - [MESSAGE][PASSED] - Text '2019Aprilis1' is set on object 'Object Repository/Page_System Dashboard - Jira/Password Field'

2020-09-17 10:47:26 - [MESSAGE][PASSED] - Object: 'Object Repository/Page_System Dashboard - Jira/Login Button' is clicked on

2020-09-17 10:47:28 - [MESSAGE][PASSED] - Object 'Object Repository/Page_System Dashboard - Jira/User Avatar' is visible

2020-09-17 10:47:28 - [MESSAGE][PASSED] - topTestKeywords.Login.loginAsUser is PASSED

2020-09-17 10:47:28 - [TEST_STEP][PASSED] - topTestKeywords.Login.goToTheWorkflow(timeout): topTestKeywords.Login.goToTheWorkflow is PASSED

2020-09-17 10:47:31 - [MESSAGE][PASSED] - Navigate to 'https://jira2.codecool.codecanvas.hu/projects/TWT?selectedItem=com.codecanvas.glass:glass' successfully

2020-09-17 10:47:31 - [MESSAGE][PASSED] - Object 'Object Repository/Page_ToP Week6 Test - Jira/Issue Dropdown' is visible

2020-09-17 10:47:32 - [MESSAGE][PASSED] - Object: 'Object Repository/Page_ToP Week6 Test - Jira/Issue Dropdown' is clicked on

2020-09-17 10:47:32 - [MESSAGE][PASSED] - Object 'Object Repository/Page_ToP Week6 Test - Jira/Issue Type' is visible

2020-09-17 10:47:33 - [MESSAGE][PASSED] - Object: 'Object Repository/Page_ToP Week6 Test - Jira/Issue Type' is clicked on

2020-09-17 10:47:34 - [MESSAGE][PASSED] - Object 'Object Repository/Project Workflow/WorkflowTransitionsTitle' is visible

2020-09-17 10:47:34 - [MESSAGE][PASSED] - topTestKeywords.Login.goToTheWorkflow is PASSED

2020-09-17 10:47:34 - [TEST_STEP][PASSED] - verifyElementText(postFunctionCounter, expectedNumber): Actual text and expected text of test object 'postFunctionCounter' are matched.

2020-09-17 10:47:34 - [MESSAGE][PASSED] - Actual text and expected text of test object 'postFunctionCounter' are matched.]]></system-out>
         <system-err><![CDATA[]]></system-err>
      </testcase>
      <testcase name="Test Cases/InProgress/WorkflowAnalysisPostFunctionsCounter" time="18.936" classname="Test Cases/InProgress/WorkflowAnalysisPostFunctionsCounter" status="PASSED">
         <system-out><![CDATA[2020-09-17 10:47:34 - [TEST_CASE][PASSED] - Test Cases/InProgress/WorkflowAnalysisPostFunctionsCounter: Test Cases/InProgress/WorkflowAnalysisPostFunctionsCounter

2020-09-17 10:47:34 - [TEST_STEP][PASSED] - postFunctionCounter = new com.kms.katalon.core.testobject.TestObject(postFunctionCounter): null

2020-09-17 10:47:34 - [TEST_STEP][PASSED] - postFunctionCounter.addProperty("xpath", EQUALS, xpath): null

2020-09-17 10:47:34 - [TEST_STEP][PASSED] - topTestKeywords.Login.openBrowser(): topTestKeywords.Login.openBrowser is PASSED

2020-09-17 10:47:34 - [MESSAGE][WARNING] - A browser is already opened. Closing browser and opening a new one

2020-09-17 10:47:35 - [MESSAGE][INFO] - Starting 'Chrome' driver

2020-09-17 10:47:35 - [MESSAGE][INFO] - Action delay is set to 0 milliseconds

2020-09-17 10:47:38 - [MESSAGE][PASSED] - Browser is opened with url: ''

2020-09-17 10:47:40 - [MESSAGE][PASSED] - Current window maximized

2020-09-17 10:47:42 - [MESSAGE][PASSED] - Navigate to 'https://jira2.codecool.codecanvas.hu' successfully

2020-09-17 10:47:42 - [MESSAGE][PASSED] - topTestKeywords.Login.openBrowser is PASSED

2020-09-17 10:47:42 - [TEST_STEP][PASSED] - topTestKeywords.Login.loginAsUser(SystemAdminUsername, SystemAdminPassword): topTestKeywords.Login.loginAsUser is PASSED

2020-09-17 10:47:43 - [MESSAGE][PASSED] - Text 'codecooladmin' is set on object 'Object Repository/Page_System Dashboard - Jira/Username Field'

2020-09-17 10:47:43 - [MESSAGE][PASSED] - Text '2019Aprilis1' is set on object 'Object Repository/Page_System Dashboard - Jira/Password Field'

2020-09-17 10:47:44 - [MESSAGE][PASSED] - Object: 'Object Repository/Page_System Dashboard - Jira/Login Button' is clicked on

2020-09-17 10:47:47 - [MESSAGE][PASSED] - Object 'Object Repository/Page_System Dashboard - Jira/User Avatar' is visible

2020-09-17 10:47:47 - [MESSAGE][PASSED] - topTestKeywords.Login.loginAsUser is PASSED

2020-09-17 10:47:47 - [TEST_STEP][PASSED] - topTestKeywords.Login.goToTheWorkflow(timeout): topTestKeywords.Login.goToTheWorkflow is PASSED

2020-09-17 10:47:49 - [MESSAGE][PASSED] - Navigate to 'https://jira2.codecool.codecanvas.hu/projects/TWT?selectedItem=com.codecanvas.glass:glass' successfully

2020-09-17 10:47:50 - [MESSAGE][PASSED] - Object 'Object Repository/Page_ToP Week6 Test - Jira/Issue Dropdown' is visible

2020-09-17 10:47:51 - [MESSAGE][PASSED] - Object: 'Object Repository/Page_ToP Week6 Test - Jira/Issue Dropdown' is clicked on

2020-09-17 10:47:51 - [MESSAGE][PASSED] - Object 'Object Repository/Page_ToP Week6 Test - Jira/Issue Type' is visible

2020-09-17 10:47:51 - [MESSAGE][PASSED] - Object: 'Object Repository/Page_ToP Week6 Test - Jira/Issue Type' is clicked on

2020-09-17 10:47:53 - [MESSAGE][PASSED] - Object 'Object Repository/Project Workflow/WorkflowTransitionsTitle' is visible

2020-09-17 10:47:53 - [MESSAGE][PASSED] - topTestKeywords.Login.goToTheWorkflow is PASSED

2020-09-17 10:47:53 - [TEST_STEP][PASSED] - verifyElementText(postFunctionCounter, expectedNumber): Actual text and expected text of test object 'postFunctionCounter' are matched.

2020-09-17 10:47:53 - [MESSAGE][PASSED] - Actual text and expected text of test object 'postFunctionCounter' are matched.]]></system-out>
         <system-err><![CDATA[]]></system-err>
      </testcase>
      <system-out><![CDATA[2020-09-17 10:46:37 - [TEST_SUITE][PASSED] - short link tests: Test Cases/InProgress/WorkflowAnalysisPostFunctionsCounter]]></system-out>
      <system-err><![CDATA[]]></system-err>
   </testsuite>
</testsuites>
